<State Changed>
18:29:36  110K    4K      4    4K    4     0    0   100    1    35G   35G  
18:29:41   28K    4K     15    4K   17     0    0    85   10    35G   35G  
18:29:46   29K    4K     16    4K   17     0    0    94    8    35G   35G  
18:29:51   30K    4K     15    4K   16     0    0    76    6    35G   35G  
18:29:56   24K    3K     17    3K   18     0    0    72    9    35G   35G  
18:30:01   35K    7K     22    7K   24     0    0   390   24    35G   35G  
18:30:06   48K   16K     33   16K   35     0    0   851   36    35G   35G  
    Time  read  miss  miss%  dmis  dm%  pmis  pm%  mmis  mm%  arcsz     c  
18:30:11   52K   15K     29   15K   30     0    0   447   26    35G   35G  
18:30:16   28K    6K     25    6K   26     0    0   188   18    35G   35G  
18:30:21   26K    4K     16    4K   18     0    0   110   11    35G   35G  
18:30:26   25K    5K     20    5K   22     0    0   152   15    35G   35G  
18:30:31   26K    4K     17    4K   18     0    0   114   12    35G   35G  
18:30:36   70K    4K      7    4K    7     0    0   356    1    35G   35G  
18:30:41   75K    4K      6    4K    6     0    0   187    1    35G   35G  
18:30:46   28K    4K     16    4K   17     0    0    83    9    35G   35G  
18:30:52   30K    4K     14    4K   15     0    0    87    5    35G   35G  
18:30:57   25K    3K     16    3K   17     0    0    88    7    35G   35G  
18:31:02   28K    4K     18    4K   19     0    0   110   10    35G   35G  
18:31:07   27K    4K     18    4K   19     0    0   160   16    35G   35G  
18:31:12   37K    4K     14    4K   14     0    0   130    2    35G   35G  
18:31:17   26K    5K     20    5K   21     0    0   120   13    35G   35G  
18:31:22   25K    5K     23    5K   25     0    0   118   12    35G   35G  
18:31:27   21K    4K     21    4K   23     0    0   128   14    35G   35G  
18:31:32   27K    5K     20    5K   21     0    0   146   14    35G   35G  
18:31:37   25K    4K     18    4K   19     0    0   141   14    35G   35G  
18:31:42  109K    5K      5    5K    5     0    0   118    1    35G   35G  
18:31:47   29K    4K     17    4K   18     0    0   126    4    35G   35G  
18:31:52   21K    3K     17    3K   19     0    0   133    8    35G   35G  
    Time  read  miss  miss%  dmis  dm%  pmis  pm%  mmis  mm%  arcsz     c  
18:31:57   26K    5K     19    5K   21     0    0    98   10    35G   35G  
18:32:02   29K    5K     18    5K   19     0    0   135   10    35G   35G  
18:32:07   25K    4K     18    4K   20     0    0   117   12    35G   35G  
18:32:13   24K    5K     22    5K   23     0    0   127   13    35G   35G  
<State Changed>
18:32:18   26K    5K     22    5K   24     0    0   134   14    35G   35G  
18:32:23   26K    5K     21    5K   23     0    0   111   12    35G   35G  
18:32:28   27K    5K     21    5K   23     0    0   117    8    35G   35G  
18:32:33   27K    5K     22    5K   24     0    0   139    9    35G   35G  
18:32:38   26K    5K     22    5K   24     0    0   171   16    35G   35G  
18:32:43   73K    5K      8    5K    8     0    0    93    1    35G   35G  
18:32:48   66K    5K      9    5K   10     0    0   129    1    35G   35G  
18:32:53   29K    6K     23    6K   24     0    0   273   23    35G   35G  
18:32:58   27K    6K     23    6K   25     0    0   122   12    35G   35G  
18:33:03   28K    5K     21    5K   23     0    0   107   10    35G   35G  
18:33:08   29K    5K     20    5K   21     0    0   163   16    35G   35G  
