1495332083
                    extended device statistics              
    r/s    w/s   kr/s   kw/s wait actv wsvc_t asvc_t  %w  %b device
    1.1   17.2   17.8  264.7  0.0  0.1    0.0    5.2   0   9 c0t5000CCA0546345D8d0
    0.9   17.5   18.1  264.7  0.0  0.1    0.0    5.3   0   9 c0t5000CCA054645EACd0
    0.9   14.8   95.7 1087.5  0.0  0.1    0.0    3.4   0   5 c0t60060E8007DC48000030DC480000107Ed0
    0.9   14.8   94.5 1079.1  0.0  0.1    0.0    3.4   0   5 c0t60060E8007DC48000030DC4800001088d0
    0.9   14.8   95.9 1084.0  0.0  0.1    0.0    3.4   0   5 c0t60060E8007DC48000030DC4800001086d0
    0.9   14.8   95.9 1080.2  0.0  0.1    0.0    3.4   0   5 c0t60060E8007DC48000030DC4800001082d0
    0.9   14.8   95.2 1079.5  0.0  0.1    0.0    3.4   0   5 c0t60060E8007DC48000030DC480000107Ad0
    0.9   14.8   95.6 1087.3  0.0  0.1    0.0    3.4   0   5 c0t60060E8007DC48000030DC480000107Fd0
    0.9   14.8   95.4 1079.3  0.0  0.1    0.0    3.4   0   5 c0t60060E8007DC48000030DC4800001081d0
    0.9   14.8   95.4 1078.8  0.0  0.1    0.0    3.4   0   5 c0t60060E8007DC48000030DC4800001085d0
    0.9   14.8   95.4 1079.8  0.0  0.1    0.0    3.4   0   5 c0t60060E8007DC48000030DC4800001074d0
    0.9   14.8   95.1 1078.3  0.0  0.1    0.0    3.4   0   5 c0t60060E8007DC48000030DC4800001079d0
    0.9   14.7   94.9 1069.1  0.0  0.1    0.0    3.4   0   5 c0t60060E8007DC48000030DC4800001084d0
    0.9   14.7   95.3 1072.7  0.0  0.1    0.0    3.4   0   5 c0t60060E8007DC48000030DC480000107Cd0
    0.9   14.8   95.8 1085.5  0.0  0.1    0.0    3.4   0   5 c0t60060E8007DC48000030DC48000004F0d0
    0.9   14.8   94.5 1083.7  0.0  0.1    0.0    3.4   0   5 c0t60060E8007DC48000030DC48000004E9d0
    0.9   14.8   95.4 1077.9  0.0  0.1    0.0    3.4   0   5 c0t60060E8007DC48000030DC48000004EEd0
    0.9   14.8   95.0 1083.3  0.0  0.1    0.0    3.4   0   5 c0t60060E8007DC48000030DC48000004ECd0
    0.9   14.8   94.9 1086.1  0.0  0.1    0.0    3.4   0   5 c0t60060E8007DC48000030DC48000004F3d0
    0.9   14.8   95.9 1078.9  0.0  0.1    0.0    3.4   0   5 c0t60060E8007DC48000030DC48000004FDd0
    0.9   14.8   95.5 1085.1  0.0  0.1    0.0    3.4   0   5 c0t60060E8007DC48000030DC48000004F5d0
    0.9   14.8   95.0 1080.2  0.0  0.1    0.0    3.4   0   5 c0t60060E8007DC48000030DC48000004FBd0
    0.9   14.7   94.1 1076.9  0.0  0.1    0.0    3.4   0   5 c0t60060E8007DC48000030DC48000004EFd0
    0.9   14.8   94.4 1082.7  0.0  0.1    0.0    3.4   0   5 c0t60060E8007DC48000030DC48000004F8d0
    0.9   14.8   95.1 1080.0  0.0  0.1    0.0    3.4   0   5 c0t60060E8007DC48000030DC4800000500d0
    0.9   14.8   95.7 1079.0  0.0  0.1    0.0    3.4   0   5 c0t60060E8007DC48000030DC48000004FFd0
    0.9   14.8   95.5 1078.5  0.0  0.1    0.0    3.4   0   5 c0t60060E8007DC48000030DC48000004EAd0
    0.9   14.8   95.9 1084.5  0.0  0.1    0.0    3.4   0   5 c0t60060E8007DC48000030DC48000004F1d0
    0.9   14.8   95.0 1079.5  0.0  0.1    0.0    3.4   0   5 c0t60060E8007DC48000030DC48000004FCd0
    0.0    0.3    0.0   11.9  0.0  0.0    0.0    0.6   0   0 c0t60060E8007DC48000030DC48000014A8d0
    0.9   14.8   95.7 1079.8  0.0  0.1    0.0    3.4   0   5 c0t60060E8007DC48000030DC48000004F6d0
    0.9   14.8   95.4 1078.7  0.0  0.1    0.0    3.4   0   5 c0t60060E8007DC48000030DC48000004F9d0
    0.9   14.8   95.3 1085.5  0.0  0.1    0.0    3.4   0   5 c0t60060E8007DC48000030DC48000004F4d0
    0.9   14.7   95.3 1077.9  0.0  0.1    0.0    3.4   0   5 c0t60060E8007DC48000030DC48000004FAd0
    0.9   14.8   95.5 1084.4  0.0  0.1    0.0    3.4   0   5 c0t60060E8007DC48000030DC48000004EDd0
    0.9   14.8   95.0 1079.1  0.0  0.1    0.0    3.4   0   5 c0t60060E8007DC48000030DC48000004EBd0
    0.9   14.8   94.6 1079.5  0.0  0.1    0.0    3.4   0   5 c0t60060E8007DC48000030DC48000004FEd0
    0.9   14.7   95.0 1074.3  0.0  0.1    0.0    3.4   0   5 c0t60060E8007DC48000030DC48000004F2d0
    0.9   14.8   95.1 1083.0  0.0  0.1    0.0    3.4   0   5 c0t60060E8007DC48000030DC48000004F7d0
    0.9   14.8   95.2 1084.6  0.0  0.1    0.0    3.4   0   5 c0t60060E8007DC48000030DC48000013E7d0
    0.9   14.8   95.3 1080.8  0.0  0.1    0.0    3.4   0   5 c0t60060E8007DC48000030DC48000013B5d0
    0.9   14.8   95.7 1083.8  0.0  0.1    0.0    3.4   0   5 c0t60060E8007DC48000030DC48000013C2d0
    0.9   14.8   95.7 1081.7  0.0  0.1    0.0    3.4   0   5 c0t60060E8007DC48000030DC48000013A3d0
    0.9   14.7   95.3 1074.1  0.0  0.1    0.0    3.4   0   5 c0t60060E8007DC48000030DC48000013A1d0
    0.9   14.8   95.8 1083.5  0.0  0.1    0.0    3.4   0   5 c0t60060E8007DC48000030DC48000013BEd0
    0.9   14.8   95.2 1086.6  0.0  0.1    0.0    3.4   0   5 c0t60060E8007DC48000030DC4800001403d0
    0.9   14.8   96.2 1079.8  0.0  0.1    0.0    3.4   0   5 c0t60060E8007DC48000030DC48000013B0d0
    0.9   14.7   95.2 1076.6  0.0  0.1    0.0    3.4   0   5 c0t60060E8007DC48000030DC48000013DDd0
    0.9   14.8   94.8 1078.7  0.0  0.1    0.0    3.4   0   5 c0t60060E8007DC48000030DC4800001397d0
    0.9   14.7   95.3 1075.8  0.0  0.1    0.0    3.4   0   5 c0t60060E8007DC48000030DC48000013E9d0
    0.9   14.8   95.1 1078.5  0.0  0.1    0.0    3.4   0   5 c0t60060E8007DC48000030DC48000013C7d0
    0.9   14.8   95.4 1080.8  0.0  0.1    0.0    3.4   0   5 c0t60060E8007DC48000030DC48000013BAd0
    0.9   14.8   95.7 1081.7  0.0  0.1    0.0    3.4   0   5 c0t60060E8007DC48000030DC4800001405d0
    0.9   14.8   95.8 1077.8  0.0  0.1    0.0    3.4   0   5 c0t60060E8007DC48000030DC480000139Fd0
    0.9   14.8   95.1 1085.4  0.0  0.1    0.0    3.4   0   5 c0t60060E8007DC48000030DC4800001407d0
    0.9   14.8   95.3 1082.5  0.0  0.1    0.0    3.4   0   5 c0t60060E8007DC48000030DC4800001385d0
    0.9   14.8   95.2 1085.9  0.0  0.1    0.0    3.4   0   5 c0t60060E8007DC48000030DC48000013D5d0
    0.9   14.8   95.1 1075.7  0.0  0.1    0.0    3.4   0   5 c0t60060E8007DC48000030DC48000013FCd0
    0.9   14.8   95.4 1080.4  0.0  0.1    0.0    3.4   0   5 c0t60060E8007DC48000030DC48000013F2d0
    0.9   14.8   95.3 1083.7  0.0  0.1    0.0    3.4   0   5 c0t60060E8007DC48000030DC4800001384d0
    0.9   14.8   94.8 1085.3  0.0  0.1    0.0    3.4   0   5 c0t60060E8007DC48000030DC48000013ACd0
    0.9   14.8   95.9 1081.0  0.0  0.1    0.0    3.4   0   5 c0t60060E8007DC48000030DC4800001395d0
    0.9   14.8   95.3 1079.5  0.0  0.1    0.0    3.4   0   5 c0t60060E8007DC48000030DC48000013A6d0
    0.9   14.8   95.5 1080.9  0.0  0.1    0.0    3.4   0   5 c0t60060E8007DC48000030DC48000013E2d0
    0.9   14.8   95.3 1085.1  0.0  0.1    0.0    3.4   0   5 c0t60060E8007DC48000030DC4800001382d0
    0.9   14.8   95.1 1078.7  0.0  0.1    0.0    3.4   0   5 c0t60060E8007DC48000030DC48000013AEd0
    0.9   14.8   94.6 1079.4  0.0  0.1    0.0    3.4   0   5 c0t60060E8007DC48000030DC48000013D9d0
    0.9   14.8   94.8 1082.7  0.0  0.1    0.0    3.4   0   5 c0t60060E8007DC48000030DC48000013C5d0
    0.9   14.8   95.1 1077.9  0.0  0.1    0.0    3.4   0   5 c0t60060E8007DC48000030DC48000013C8d0
    0.9   14.8   95.4 1078.8  0.0  0.1    0.0    3.4   0   5 c0t60060E8007DC48000030DC480000139Dd0
    0.9   14.8   95.4 1085.8  0.0  0.1    0.0    3.4   0   5 c0t60060E8007DC48000030DC48000013B3d0
    0.9   14.8   96.1 1082.2  0.0  0.1    0.0    3.4   0   5 c0t60060E8007DC48000030DC48000013B9d0
    0.9   14.8   95.5 1084.2  0.0  0.1    0.0    3.4   0   5 c0t60060E8007DC48000030DC48000013BBd0
    0.9   14.7   95.3 1075.6  0.0  0.1    0.0    3.4   0   5 c0t60060E8007DC48000030DC48000013EBd0
    0.9   14.7   95.6 1078.0  0.0  0.1    0.0    3.4   0   5 c0t60060E8007DC48000030DC48000013E6d0
    0.9   14.8   95.4 1077.9  0.0  0.1    0.0    3.4   0   5 c0t60060E8007DC48000030DC48000013E4d0
    0.9   14.8   95.0 1081.0  0.0  0.1    0.0    3.4   0   5 c0t60060E8007DC48000030DC48000013D0d0
    0.9   14.8   95.7 1089.9  0.0  0.1    0.0    3.4   0   5 c0t60060E8007DC48000030DC48000013B8d0
    0.9   14.8   95.6 1080.6  0.0  0.1    0.0    3.4   0   5 c0t60060E8007DC48000030DC48000013FAd0
    0.9   14.8   95.1 1080.4  0.0  0.1    0.0    3.4   0   5 c0t60060E8007DC48000030DC48000013C0d0
    0.9   14.8   95.0 1079.7  0.0  0.1    0.0    3.4   0   5 c0t60060E8007DC48000030DC480000138Dd0
    0.9   14.8   96.2 1080.5  0.0  0.1    0.0    3.4   0   5 c0t60060E8007DC48000030DC48000013D4d0
    0.9   14.8   95.4 1083.5  0.0  0.1    0.0    3.4   0   5 c0t60060E8007DC48000030DC48000013C9d0
    0.9   14.8   95.3 1086.5  0.0  0.1    0.0    3.5   0   5 c0t60060E8007DC48000030DC480000139Bd0
    0.9   14.8   95.6 1087.1  0.0  0.1    0.0    3.4   0   5 c0t60060E8007DC48000030DC48000013A8d0
    0.9   14.8   94.8 1077.1  0.0  0.1    0.0    3.4   0   5 c0t60060E8007DC48000030DC48000013F1d0
    0.9   14.8   96.2 1079.6  0.0  0.1    0.0    3.4   0   5 c0t60060E8007DC48000030DC48000013B7d0
    0.9   14.7   95.2 1074.3  0.0  0.1    0.0    3.4   0   5 c0t60060E8007DC48000030DC4800001391d0
    0.9   14.8   95.4 1085.2  0.0  0.1    0.0    3.4   0   5 c0t60060E8007DC48000030DC4800001394d0
    0.9   14.8   94.8 1083.5  0.0  0.1    0.0    3.4   0   5 c0t60060E8007DC48000030DC48000013F8d0
    0.9   14.8   95.4 1079.6  0.0  0.1    0.0    3.4   0   5 c0t60060E8007DC48000030DC4800001401d0
    0.9   14.8   95.3 1082.1  0.0  0.1    0.0    3.4   0   5 c0t60060E8007DC48000030DC48000013FEd0
    0.9   14.8   95.1 1084.4  0.0  0.1    0.0    3.4   0   5 c0t60060E8007DC48000030DC48000013D2d0
    0.9   14.8   95.4 1085.3  0.0  0.1    0.0    3.4   0   5 c0t60060E8007DC48000030DC4800001386d0
    0.9   14.8   95.0 1086.3  0.0  0.1    0.0    3.4   0   5 c0t60060E8007DC48000030DC48000013EFd0
    0.9   14.8   95.0 1083.1  0.0  0.1    0.0    3.4   0   5 c0t60060E8007DC48000030DC48000013BFd0
    0.9   14.8   95.7 1082.3  0.0  0.1    0.0    3.4   0   5 c0t60060E8007DC48000030DC4800001399d0
    0.9   14.8   95.3 1079.1  0.0  0.1    0.0    3.4   0   5 c0t60060E8007DC48000030DC48000013DFd0
    0.9   14.8   94.8 1078.7  0.0  0.1    0.0    3.4   0   5 c0t60060E8007DC48000030DC48000013CBd0
    0.9   14.8   95.2 1082.5  0.0  0.1    0.0    3.4   0   5 c0t60060E8007DC48000030DC4800001389d0
    0.9   14.7   94.8 1073.9  0.0  0.1    0.0    3.4   0   5 c0t60060E8007DC48000030DC48000013F5d0
    0.9   14.8   95.5 1083.8  0.0  0.1    0.0    3.4   0   5 c0t60060E8007DC48000030DC48000013D8d0
    0.9   14.8   95.2 1083.2  0.0  0.1    0.0    3.4   0   5 c0t60060E8007DC48000030DC48000013FFd0
    0.9   14.8   95.8 1082.3  0.0  0.1    0.0    3.4   0   5 c0t60060E8007DC48000030DC4800001396d0
    0.9   14.8   95.2 1080.8  0.0  0.1    0.0    3.4   0   5 c0t60060E8007DC48000030DC48000013DBd0
    0.9   14.7   95.8 1075.6  0.0  0.1    0.0    3.4   0   5 c0t60060E8007DC48000030DC4800001381d0
    0.9   14.8   94.8 1083.1  0.0  0.1    0.0    3.4   0   5 c0t60060E8007DC48000030DC48000013F3d0
    0.9   14.8   95.6 1087.1  0.0  0.1    0.0    3.4   0   5 c0t60060E8007DC48000030DC48000013ABd0
    0.9   14.8   95.6 1080.9  0.0  0.1    0.0    3.4   0   5 c0t60060E8007DC48000030DC48000013A5d0
    0.9   14.8   95.9 1084.1  0.0  0.1    0.0    3.4   0   5 c0t60060E8007DC48000030DC48000013F9d0
    0.9   14.8   96.0 1085.8  0.0  0.1    0.0    3.4   0   5 c0t60060E8007DC48000030DC48000013C4d0
    0.9   14.8   95.4 1084.0  0.0  0.1    0.0    3.4   0   5 c0t60060E8007DC48000030DC48000013FDd0
    0.9   14.8   95.1 1078.5  0.0  0.1    0.0    3.4   0   5 c0t60060E8007DC48000030DC48000013EEd0
    0.9   14.8   95.6 1086.0  0.0  0.1    0.0    3.4   0   5 c0t60060E8007DC48000030DC48000013C1d0
    0.9   14.8   95.3 1081.5  0.0  0.1    0.0    3.4   0   5 c0t60060E8007DC48000030DC4800001406d0
    0.9   14.8   94.5 1079.2  0.0  0.1    0.0    3.4   0   5 c0t60060E8007DC48000030DC48000013F4d0
    0.9   14.8   96.0 1084.0  0.0  0.1    0.0    3.4   0   5 c0t60060E8007DC48000030DC48000013C3d0
    0.9   14.8   95.4 1083.0  0.0  0.1    0.0    3.4   0   5 c0t60060E8007DC48000030DC480000138Cd0
    0.9   14.8   95.4 1084.0  0.0  0.1    0.0    3.4   0   5 c0t60060E8007DC48000030DC480000138Ad0
    0.9   14.8   94.7 1078.7  0.0  0.1    0.0    3.4   0   5 c0t60060E8007DC48000030DC48000013A7d0
    0.9   14.8   94.7 1079.1  0.0  0.1    0.0    3.4   0   5 c0t60060E8007DC48000030DC48000013B1d0
    0.9   14.8   96.0 1080.5  0.0  0.1    0.0    3.4   0   5 c0t60060E8007DC48000030DC480000138Fd0
    0.9   14.8   95.7 1079.8  0.0  0.1    0.0    3.5   0   5 c0t60060E8007DC48000030DC48000013ADd0
    0.9   14.8   95.5 1086.5  0.0  0.1    0.0    3.4   0   5 c0t60060E8007DC48000030DC48000013B2d0
    0.9   14.8   94.9 1084.6  0.0  0.1    0.0    3.4   0   5 c0t60060E8007DC48000030DC48000013CAd0
    0.9   14.8   94.7 1082.7  0.0  0.1    0.0    3.4   0   5 c0t60060E8007DC48000030DC48000013EAd0
    0.9   14.7   95.3 1075.0  0.0  0.1    0.0    3.4   0   5 c0t60060E8007DC48000030DC48000013D6d0
    0.9   14.8   95.6 1081.6  0.0  0.1    0.0    3.4   0   5 c0t60060E8007DC48000030DC48000013F7d0
    0.9   14.8   95.2 1080.0  0.0  0.1    0.0    3.4   0   5 c0t60060E8007DC48000030DC48000013A0d0
    0.9   14.8   95.4 1081.4  0.0  0.1    0.0    3.4   0   5 c0t60060E8007DC48000030DC48000013E1d0
    0.9   14.8   94.5 1080.6  0.0  0.1    0.0    3.4   0   5 c0t60060E8007DC48000030DC48000013CCd0
    0.9   14.8   95.3 1083.6  0.0  0.1    0.0    3.4   0   5 c0t60060E8007DC48000030DC48000013BDd0
    0.9   14.8   95.1 1077.2  0.0  0.1    0.0    3.4   0   5 c0t60060E8007DC48000030DC4800001392d0
    0.9   14.8   94.8 1084.5  0.0  0.1    0.0    3.4   0   5 c0t60060E8007DC48000030DC48000013CEd0
    0.9   14.8   95.5 1080.3  0.0  0.1    0.0    3.4   0   5 c0t60060E8007DC48000030DC48000013DCd0
    0.9   14.8   95.4 1078.2  0.0  0.1    0.0    3.4   0   5 c0t60060E8007DC48000030DC48000013B4d0
    0.9   14.8   95.7 1082.7  0.0  0.1    0.0    3.4   0   5 c0t60060E8007DC48000030DC48000013EDd0
    0.9   14.8   95.5 1083.2  0.0  0.1    0.0    3.4   0   5 c0t60060E8007DC48000030DC4800001388d0
    0.9   14.8   95.6 1083.3  0.0  0.1    0.0    3.4   0   5 c0t60060E8007DC48000030DC48000013C6d0
    0.9   14.8   94.9 1077.6  0.0  0.1    0.0    3.4   0   5 c0t60060E8007DC48000030DC48000013BCd0
    0.9   14.8   95.6 1082.2  0.0  0.1    0.0    3.4   0   5 c0t60060E8007DC48000030DC48000013CFd0
    0.9   14.8   95.3 1083.7  0.0  0.1    0.0    3.4   0   5 c0t60060E8007DC48000030DC4800001400d0
    0.9   14.8   95.0 1081.3  0.0  0.1    0.0    3.4   0   5 c0t60060E8007DC48000030DC48000013B6d0
    0.9   14.8   95.2 1077.5  0.0  0.1    0.0    3.4   0   5 c0t60060E8007DC48000030DC4800001383d0
    0.9   14.8   95.3 1086.4  0.0  0.1    0.0    3.4   0   5 c0t60060E8007DC48000030DC48000013CDd0
    0.9   14.8   95.5 1084.2  0.0  0.1    0.0    3.4   0   5 c0t60060E8007DC48000030DC4800001398d0
    0.9   14.8   95.4 1077.8  0.0  0.1    0.0    3.4   0   5 c0t60060E8007DC48000030DC480000139Ed0
    0.9   14.7   95.7 1077.0  0.0  0.1    0.0    3.4   0   5 c0t60060E8007DC48000030DC48000013AAd0
    0.9   14.8   95.9 1080.3  0.0  0.1    0.0    3.4   0   5 c0t60060E8007DC48000030DC48000013E0d0
    0.9   14.7   94.6 1074.7  0.0  0.1    0.0    3.4   0   5 c0t60060E8007DC48000030DC480000139Cd0
    0.9   14.8   95.5 1084.0  0.0  0.1    0.0    3.4   0   5 c0t60060E8007DC48000030DC48000013AFd0
    0.9   14.8   94.6 1075.9  0.0  0.1    0.0    3.4   0   5 c0t60060E8007DC48000030DC48000013F6d0
    0.9   14.8   94.9 1083.7  0.0  0.1    0.0    3.4   0   5 c0t60060E8007DC48000030DC48000013D3d0
    0.9   14.7   94.8 1076.7  0.0  0.1    0.0    3.4   0   5 c0t60060E8007DC48000030DC48000013ECd0
    0.9   14.8   95.4 1080.1  0.0  0.1    0.0    3.4   0   5 c0t60060E8007DC48000030DC48000013D7d0
    0.9   14.8   95.3 1079.8  0.0  0.1    0.0    3.4   0   5 c0t60060E8007DC48000030DC480000138Bd0
    0.9   14.8   95.4 1080.1  0.0  0.1    0.0    3.4   0   5 c0t60060E8007DC48000030DC48000013A4d0
    0.9   14.8   95.7 1084.1  0.0  0.1    0.0    3.4   0   5 c0t60060E8007DC48000030DC48000013FBd0
    0.9   14.8   95.4 1082.4  0.0  0.1    0.0    3.4   0   5 c0t60060E8007DC48000030DC480000138Ed0
    0.9   14.8   95.4 1085.6  0.0  0.1    0.0    3.4   0   5 c0t60060E8007DC48000030DC48000013DEd0
    0.9   14.8   96.4 1079.3  0.0  0.1    0.0    3.4   0   5 c0t60060E8007DC48000030DC4800001402d0
    0.9   14.8   95.4 1084.3  0.0  0.1    0.0    3.4   0   5 c0t60060E8007DC48000030DC48000013E8d0
    0.9   14.8   94.9 1084.9  0.0  0.1    0.0    3.4   0   5 c0t60060E8007DC48000030DC48000013A2d0
    0.9   14.8   95.9 1086.1  0.0  0.1    0.0    3.4   0   5 c0t60060E8007DC48000030DC48000013E5d0
    0.9   14.8   96.1 1082.4  0.0  0.1    0.0    3.4   0   5 c0t60060E8007DC48000030DC48000013DAd0
    0.9   14.8   95.5 1084.5  0.0  0.1    0.0    3.4   0   5 c0t60060E8007DC48000030DC4800001387d0
    0.9   14.8   94.8 1081.7  0.0  0.1    0.0    3.4   0   5 c0t60060E8007DC48000030DC4800001390d0
    0.9   14.8   95.0 1082.0  0.0  0.1    0.0    3.4   0   5 c0t60060E8007DC48000030DC4800001393d0
    0.9   14.8   95.8 1080.2  0.0  0.1    0.0    3.4   0   5 c0t60060E8007DC48000030DC4800001404d0
    0.9   14.7   95.1 1077.6  0.0  0.1    0.0    3.4   0   5 c0t60060E8007DC48000030DC480000139Ad0
    0.9   14.7   94.9 1077.2  0.0  0.1    0.0    3.4   0   5 c0t60060E8007DC48000030DC48000013D1d0
    0.9   14.8   95.5 1081.6  0.0  0.1    0.0    3.4   0   5 c0t60060E8007DC48000030DC48000013F0d0
    0.9   14.7   95.4 1077.6  0.0  0.1    0.0    3.4   0   5 c0t60060E8007DC48000030DC48000013E3d0
    0.9   14.7   95.4 1077.1  0.0  0.1    0.0    3.4   0   5 c0t60060E8007DC48000030DC48000013A9d0
1495332084
                    extended device statistics              
    r/s    w/s   kr/s   kw/s wait actv wsvc_t asvc_t  %w  %b device
    0.0    1.0    0.0    4.0  0.0  0.0    0.0    7.0   0   1 c0t5000CCA0546345D8d0
    0.0    1.0    0.0    4.0  0.0  0.0    0.0    8.4   0   1 c0t5000CCA054645EACd0
1495332085
                    extended device statistics              
    r/s    w/s   kr/s   kw/s wait actv wsvc_t asvc_t  %w  %b device
    0.0   69.2    0.0 1255.7  0.0  0.4    0.0    5.3   0  33 c0t5000CCA0546345D8d0
    0.0   69.2    0.0 1255.7  0.0  0.4    0.0    5.5   0  34 c0t5000CCA054645EACd0
1495332086
                    extended device statistics              
    r/s    w/s   kr/s   kw/s wait actv wsvc_t asvc_t  %w  %b device
1495332087
                    extended device statistics              
    r/s    w/s   kr/s   kw/s wait actv wsvc_t asvc_t  %w  %b device
    0.0   79.0    0.0  528.7  0.0  0.0    0.0    0.2   0   1 c0t60060E8007DC48000030DC480000107Ed0
    0.0   15.0    0.0  200.4  0.0  0.0    0.0    0.2   0   0 c0t60060E8007DC48000030DC480000107Fd0
    0.0  246.9    0.0  786.5  0.0  0.0    0.0    0.2   0   5 c0t60060E8007DC48000030DC48000004FBd0
    0.0   48.0    0.0 1154.3  0.0  0.0    0.0    0.2   0   1 c0t60060E8007DC48000030DC48000004EAd0
    0.0  105.9    0.0  759.6  0.0  0.0    0.0    0.2   0   2 c0t60060E8007DC48000030DC48000004F1d0
    0.0  128.9    0.0  939.0  0.0  0.0    0.0    0.2   0   2 c0t60060E8007DC48000030DC48000004FCd0
    0.0  255.8    0.0  908.0  0.0  0.0    0.0    0.2   0   5 c0t60060E8007DC48000030DC48000004F9d0
    0.0   21.0    0.0  115.4  0.0  0.0    0.0    0.2   0   0 c0t60060E8007DC48000030DC4800001407d0
    0.0   25.0    0.0 1692.0  0.0  0.0    0.0    0.3   0   1 c0t60060E8007DC48000030DC4800001395d0
    0.0  142.9    0.0  998.9  0.0  0.0    0.0    0.2   0   3 c0t60060E8007DC48000030DC48000013A6d0
    0.0  100.9    0.0  582.2  0.0  0.0    0.0    0.2   0   2 c0t60060E8007DC48000030DC48000013C8d0
    0.0   10.0    0.0 1279.2  0.0  0.0    0.0    0.4   0   0 c0t60060E8007DC48000030DC48000013D4d0
    0.0  166.9    0.0 1096.3  0.0  0.0    0.0    0.2   0   3 c0t60060E8007DC48000030DC48000013B7d0
    0.0   83.9    0.0  533.2  0.0  0.0    0.0    0.2   0   2 c0t60060E8007DC48000030DC48000013DFd0
    0.0  122.9    0.0  670.6  0.0  0.0    0.0    0.2   0   2 c0t60060E8007DC48000030DC48000013DBd0
    0.0   72.0    0.0  537.2  0.0  0.0    0.0    0.2   0   1 c0t60060E8007DC48000030DC48000013B2d0
    0.0  220.9    0.0  753.5  0.0  0.0    0.0    0.2   0   4 c0t60060E8007DC48000030DC48000013B6d0
    0.0  197.9    0.0 1297.7  0.0  0.0    0.0    0.2   0   4 c0t60060E8007DC48000030DC480000139Ed0
    0.0   50.0    0.0  178.9  0.0  0.0    0.0    0.2   0   1 c0t60060E8007DC48000030DC48000013D7d0
1495332088
                    extended device statistics              
    r/s    w/s   kr/s   kw/s wait actv wsvc_t asvc_t  %w  %b device
    0.0    2.0    0.0   32.6  0.0  0.0    0.0    0.2   0   0 c0t60060E8007DC48000030DC480000107Ed0
    0.0   25.4    0.0  410.5  0.0  0.0    0.0    0.2   0   1 c0t60060E8007DC48000030DC4800001081d0
    0.0    4.1    0.0   52.9  0.0  0.0    0.0    0.2   0   0 c0t60060E8007DC48000030DC4800001074d0
    0.0    9.2    0.0   81.9  0.0  0.0    0.0    0.2   0   0 c0t60060E8007DC48000030DC48000004F1d0
    0.0    9.2    0.0   81.9  0.0  0.0    0.0    0.2   0   0 c0t60060E8007DC48000030DC48000013A6d0
    0.0    8.1    0.0  130.2  0.0  0.0    0.0    0.2   0   0 c0t60060E8007DC48000030DC48000013BBd0
    0.0    8.1    0.0   81.9  0.0  0.0    0.0    0.2   0   0 c0t60060E8007DC48000030DC48000013B7d0
    0.0   19.3    0.0  410.5  0.0  0.0    0.0    0.2   0   0 c0t60060E8007DC48000030DC4800001394d0
    0.0    8.1    0.0  130.2  0.0  0.0    0.0    0.2   0   0 c0t60060E8007DC48000030DC48000013BFd0
    0.0    4.1    0.0    4.1  0.0  0.0    0.0    0.2   0   0 c0t60060E8007DC48000030DC48000013DFd0
    0.0    3.1    0.0   52.9  0.0  0.0    0.0    0.2   0   0 c0t60060E8007DC48000030DC48000013F5d0
    0.0    2.0    0.0   32.6  0.0  0.0    0.0    0.2   0   0 c0t60060E8007DC48000030DC48000013FDd0
    0.0    2.0    0.0   32.6  0.0  0.0    0.0    0.2   0   0 c0t60060E8007DC48000030DC48000013B2d0
    0.0    4.1    0.0   65.1  0.0  0.0    0.0    0.2   0   0 c0t60060E8007DC48000030DC48000013CAd0
    0.0   25.4    0.0  410.5  0.0  0.0    0.0    0.2   0   1 c0t60060E8007DC48000030DC48000013D6d0
    0.0   39.7    0.0  783.9  0.0  0.0    0.0    0.2   0   1 c0t60060E8007DC48000030DC48000013A0d0
    0.0    4.1    0.0   65.1  0.0  0.0    0.0    0.2   0   0 c0t60060E8007DC48000030DC48000013CFd0
    0.0    3.1    0.0   52.9  0.0  0.0    0.0    0.2   0   0 c0t60060E8007DC48000030DC48000013CDd0
    0.0    4.1    0.0    4.1  0.0  0.0    0.0    0.2   0   0 c0t60060E8007DC48000030DC48000013E0d0
    0.0   46.8    0.0  783.9  0.0  0.0    0.0    0.2   0   1 c0t60060E8007DC48000030DC48000013AFd0
    0.0    4.1    0.0    4.1  0.0  0.0    0.0    0.2   0   0 c0t60060E8007DC48000030DC48000013DEd0
    0.0   49.9    0.0  783.9  0.0  0.0    0.0    0.2   0   1 c0t60060E8007DC48000030DC48000013A9d0
1495332089
                    extended device statistics              
    r/s    w/s   kr/s   kw/s wait actv wsvc_t asvc_t  %w  %b device
1495332090
                    extended device statistics              
    r/s    w/s   kr/s   kw/s wait actv wsvc_t asvc_t  %w  %b device
    0.0   61.0    0.0  813.8  0.0  0.3    0.0    5.4   0  29 c0t5000CCA0546345D8d0
    0.0   62.0    0.0  813.8  0.0  0.3    0.0    5.4   0  29 c0t5000CCA054645EACd0
1495332091
                    extended device statistics              
    r/s    w/s   kr/s   kw/s wait actv wsvc_t asvc_t  %w  %b device
1495332092
                    extended device statistics              
    r/s    w/s   kr/s   kw/s wait actv wsvc_t asvc_t  %w  %b device
    0.0   26.6    0.0  321.1  0.0  0.0    0.0    0.2   0   1 c0t60060E8007DC48000030DC4800001086d0
    0.0    1.0    0.0   10.8  0.0  0.0    0.0    0.2   0   0 c0t60060E8007DC48000030DC4800001081d0
    0.0    2.0    0.0   35.4  0.0  0.0    0.0    0.2   0   0 c0t60060E8007DC48000030DC48000004F0d0
    0.0   41.3    0.0  627.9  0.0  0.0    0.0    0.2   0   1 c0t60060E8007DC48000030DC48000004ECd0
    0.0   28.5    0.0  102.8  0.0  0.0    0.0    0.2   0   1 c0t60060E8007DC48000030DC48000004EDd0
    0.0   25.6    0.0  321.6  0.0  0.0    0.0    0.2   0   1 c0t60060E8007DC48000030DC48000013BEd0
    0.0   43.3    0.0 1630.5  0.0  0.0    0.0    0.3   0   1 c0t60060E8007DC48000030DC4800001382d0
    0.0   28.5    0.0 1887.1  0.0  0.0    0.0    0.3   0   1 c0t60060E8007DC48000030DC480000139Dd0
    0.0    3.0    0.0   35.4  0.0  0.0    0.0    0.2   0   0 c0t60060E8007DC48000030DC48000013E6d0
    0.0   32.5    0.0  316.2  0.0  0.0    0.0    0.2   0   1 c0t60060E8007DC48000030DC48000013B8d0
    0.0   41.3    0.0  406.6  0.0  0.0    0.0    0.2   0   1 c0t60060E8007DC48000030DC480000139Bd0
    0.0   37.4    0.0 1623.6  0.0  0.0    0.0    0.3   0   1 c0t60060E8007DC48000030DC4800001394d0
    0.0   43.3    0.0  660.3  0.0  0.0    0.0    0.2   0   1 c0t60060E8007DC48000030DC4800001401d0
    0.0  118.0    0.0  661.3  0.0  0.0    0.0    0.2   0   2 c0t60060E8007DC48000030DC4800001386d0
    0.0   79.7    0.0  497.6  0.0  0.0    0.0    0.2   0   1 c0t60060E8007DC48000030DC48000013EFd0
    0.0    4.9    0.0   12.8  0.0  0.0    0.0    0.2   0   0 c0t60060E8007DC48000030DC48000013ABd0
    0.0    3.0    0.0   35.4  0.0  0.0    0.0    0.2   0   0 c0t60060E8007DC48000030DC48000013C4d0
    0.0    1.0    0.0    4.4  0.0  0.0    0.0    0.2   0   0 c0t60060E8007DC48000030DC48000013D6d0
    0.0   18.7    0.0  279.3  0.0  0.0    0.0    0.2   0   0 c0t60060E8007DC48000030DC48000013F7d0
    0.0  104.2    0.0  493.6  0.0  0.0    0.0    0.2   0   2 c0t60060E8007DC48000030DC48000013BDd0
    0.0   73.8    0.0  345.2  0.0  0.0    0.0    0.2   0   1 c0t60060E8007DC48000030DC4800001388d0
    0.0   62.0    0.0  342.2  0.0  0.0    0.0    0.2   0   1 c0t60060E8007DC48000030DC4800001400d0
    0.0   53.1    0.0  169.6  0.0  0.0    0.0    0.2   0   1 c0t60060E8007DC48000030DC48000013DEd0
    0.0    5.9    0.0   56.0  0.0  0.0    0.0    0.2   0   0 c0t60060E8007DC48000030DC48000013E8d0
    0.0    1.0    0.0    2.5  0.0  0.0    0.0    0.2   0   0 c0t60060E8007DC48000030DC48000013E5d0
    0.0    7.9    0.0   21.1  0.0  0.0    0.0    0.2   0   0 c0t60060E8007DC48000030DC4800001390d0
    0.0   54.1    0.0  170.6  0.0  0.0    0.0    0.2   0   1 c0t60060E8007DC48000030DC4800001393d0
    0.0    2.9    0.0   20.6  0.0  0.0    0.0    0.2   0   0 c0t60060E8007DC48000030DC48000013F0d0
1495332093
                    extended device statistics              
    r/s    w/s   kr/s   kw/s wait actv wsvc_t asvc_t  %w  %b device
    0.0   61.0    0.0  435.7  0.0  0.0    0.0    0.2   0   1 c0t60060E8007DC48000030DC4800001086d0
    0.0    4.0    0.0   24.0  0.0  0.0    0.0    0.2   0   0 c0t60060E8007DC48000030DC48000004F0d0
    0.0   48.0    0.0 1031.9  0.0  0.0    0.0    0.2   0   1 c0t60060E8007DC48000030DC48000004E9d0
    0.0   74.0    0.0  385.7  0.0  0.0    0.0    0.2   0   1 c0t60060E8007DC48000030DC48000004ECd0
    0.0    3.0    0.0    5.5  0.0  0.0    0.0    0.2   0   0 c0t60060E8007DC48000030DC48000004F7d0
    0.0   66.0    0.0  550.7  0.0  0.0    0.0    0.2   0   1 c0t60060E8007DC48000030DC48000013BEd0
    0.0    4.0    0.0    4.0  0.0  0.0    0.0    0.2   0   0 c0t60060E8007DC48000030DC48000013D9d0
    0.0    3.0    0.0   24.0  0.0  0.0    0.0    0.2   0   0 c0t60060E8007DC48000030DC48000013E6d0
    0.0   40.0    0.0  247.1  0.0  0.0    0.0    0.2   0   1 c0t60060E8007DC48000030DC48000013B8d0
    0.0   58.0    0.0  238.6  0.0  0.0    0.0    0.2   0   1 c0t60060E8007DC48000030DC480000139Bd0
    0.0   54.0    0.0 1031.9  0.0  0.0    0.0    0.2   0   1 c0t60060E8007DC48000030DC48000013F1d0
    0.0   70.0    0.0  422.2  0.0  0.0    0.0    0.2   0   1 c0t60060E8007DC48000030DC4800001401d0
    0.0   22.0    0.0  121.1  0.0  0.0    0.0    0.2   0   0 c0t60060E8007DC48000030DC48000013FEd0
    0.0   44.0    0.0  103.0  0.0  0.0    0.0    0.2   0   1 c0t60060E8007DC48000030DC4800001386d0
    0.0   17.0    0.0   47.0  0.0  0.0    0.0    0.2   0   0 c0t60060E8007DC48000030DC48000013EFd0
    0.0    2.0    0.0    4.0  0.0  0.0    0.0    0.2   0   0 c0t60060E8007DC48000030DC4800001389d0
    0.0    4.0    0.0    4.0  0.0  0.0    0.0    0.2   0   0 c0t60060E8007DC48000030DC48000013D8d0
    0.0   57.0    0.0  734.8  0.0  0.0    0.0    0.2   0   1 c0t60060E8007DC48000030DC48000013F3d0
    0.0   47.0    0.0  301.6  0.0  0.0    0.0    0.2   0   1 c0t60060E8007DC48000030DC48000013ABd0
    0.0    4.0    0.0   24.0  0.0  0.0    0.0    0.2   0   0 c0t60060E8007DC48000030DC48000013C4d0
    0.0    2.0    0.0    4.0  0.0  0.0    0.0    0.2   0   0 c0t60060E8007DC48000030DC480000138Cd0
    0.0   26.0    0.0  193.1  0.0  0.0    0.0    0.2   0   0 c0t60060E8007DC48000030DC48000013F7d0
    0.0   73.0    0.0  194.1  0.0  0.0    0.0    0.2   0   1 c0t60060E8007DC48000030DC48000013BDd0
    0.0   54.0    0.0  149.1  0.0  0.0    0.0    0.2   0   1 c0t60060E8007DC48000030DC4800001388d0
    0.0   56.0    0.0  149.6  0.0  0.0    0.0    0.2   0   1 c0t60060E8007DC48000030DC4800001400d0
    0.0   21.0    0.0  297.1  0.0  0.0    0.0    0.2   0   0 c0t60060E8007DC48000030DC480000139Cd0
    0.0    2.0    0.0    4.0  0.0  0.0    0.0    0.2   0   0 c0t60060E8007DC48000030DC48000013D3d0
    0.0   30.0    0.0   71.5  0.0  0.0    0.0    0.2   0   0 c0t60060E8007DC48000030DC48000013DEd0
    0.0    9.0    0.0   48.0  0.0  0.0    0.0    0.2   0   0 c0t60060E8007DC48000030DC48000013E8d0
    0.0    4.0    0.0    4.0  0.0  0.0    0.0    0.2   0   0 c0t60060E8007DC48000030DC48000013DAd0
    0.0    4.0    0.0    6.5  0.0  0.0    0.0    0.2   0   0 c0t60060E8007DC48000030DC4800001390d0
    0.0   27.0    0.0   70.5  0.0  0.0    0.0    0.2   0   0 c0t60060E8007DC48000030DC4800001393d0
    0.0    3.0    0.0   12.0  0.0  0.0    0.0    0.2   0   0 c0t60060E8007DC48000030DC48000013F0d0
1495332094
                    extended device statistics              
    r/s    w/s   kr/s   kw/s wait actv wsvc_t asvc_t  %w  %b device
1495332095
                    extended device statistics              
    r/s    w/s   kr/s   kw/s wait actv wsvc_t asvc_t  %w  %b device
    0.0  119.2    0.0 2364.0  0.0  0.6    0.0    5.1   0  56 c0t5000CCA0546345D8d0
    0.0  120.2    0.0 2364.0  0.0  0.6    0.0    4.9   0  56 c0t5000CCA054645EACd0
1495332096
                    extended device statistics              
    r/s    w/s   kr/s   kw/s wait actv wsvc_t asvc_t  %w  %b device
1495332097
                    extended device statistics              
    r/s    w/s   kr/s   kw/s wait actv wsvc_t asvc_t  %w  %b device
    0.0   44.3    0.0 3867.5  0.0  0.0    0.0    0.3   0   1 c0t60060E8007DC48000030DC48000004E9d0
    0.0   97.4    0.0  673.7  0.0  0.0    0.0    0.2   0   2 c0t60060E8007DC48000030DC48000013B5d0
    0.0  196.8    0.0  772.1  0.0  0.0    0.0    0.2   0   3 c0t60060E8007DC48000030DC48000013A1d0
    0.0   10.8    0.0  142.7  0.0  0.0    0.0    0.2   0   0 c0t60060E8007DC48000030DC48000013D5d0
    0.0   27.6    0.0  153.5  0.0  0.0    0.0    0.2   0   1 c0t60060E8007DC48000030DC48000013ACd0
    0.0    3.9    0.0   32.0  0.0  0.0    0.0    0.2   0   0 c0t60060E8007DC48000030DC48000013EBd0
    0.0   74.8    0.0  753.4  0.0  0.0    0.0    0.2   0   1 c0t60060E8007DC48000030DC48000013A8d0
    0.0  231.3    0.0  885.3  0.0  0.0    0.0    0.2   0   4 c0t60060E8007DC48000030DC48000013F1d0
    0.0   12.8    0.0  314.9  0.0  0.0    0.0    0.2   0   0 c0t60060E8007DC48000030DC48000013F8d0
    0.0   27.6    0.0  378.4  0.0  0.0    0.0    0.2   0   1 c0t60060E8007DC48000030DC48000013D2d0
    0.0    3.0    0.0   22.6  0.0  0.0    0.0    0.2   0   0 c0t60060E8007DC48000030DC4800001399d0
    0.0   34.4    0.0  184.5  0.0  0.0    0.0    0.2   0   1 c0t60060E8007DC48000030DC48000013CBd0
    0.0   65.0    0.0  749.5  0.0  0.0    0.0    0.2   0   1 c0t60060E8007DC48000030DC48000013FFd0
    0.0   75.8    0.0  571.3  0.0  0.0    0.0    0.2   0   1 c0t60060E8007DC48000030DC4800001406d0
    0.0   13.8    0.0  267.2  0.0  0.0    0.0    0.2   0   0 c0t60060E8007DC48000030DC480000138Ad0
    0.0   47.2    0.0  190.9  0.0  0.0    0.0    0.2   0   1 c0t60060E8007DC48000030DC4800001392d0
    0.0   11.8    0.0  142.7  0.0  0.0    0.0    0.2   0   0 c0t60060E8007DC48000030DC48000013CEd0
    0.0   86.6    0.0  546.7  0.0  0.0    0.0    0.2   0   2 c0t60060E8007DC48000030DC4800001383d0
    0.0   16.7    0.0  283.0  0.0  0.0    0.0    0.2   0   0 c0t60060E8007DC48000030DC4800001398d0
    0.0  233.3    0.0  920.2  0.0  0.0    0.0    0.2   0   4 c0t60060E8007DC48000030DC480000139Cd0
    0.0    3.0    0.0   28.0  0.0  0.0    0.0    0.2   0   0 c0t60060E8007DC48000030DC480000138Ed0
    0.0   63.0    0.0  466.5  0.0  0.0    0.0    0.2   0   1 c0t60060E8007DC48000030DC480000139Ad0
    0.0   71.8    0.0  314.5  0.0  0.0    0.0    0.2   0   1 c0t60060E8007DC48000030DC48000013D1d0
    0.0   82.7    0.0  571.3  0.0  0.0    0.0    0.2   0   1 c0t60060E8007DC48000030DC48000013E3d0
1495332098
                    extended device statistics              
    r/s    w/s   kr/s   kw/s wait actv wsvc_t asvc_t  %w  %b device
    0.0   14.1    0.0  196.8  0.0  0.0    0.0    0.2   0   0 c0t60060E8007DC48000030DC4800001082d0
    0.0   14.1    0.0  380.5  0.0  0.0    0.0    0.2   0   0 c0t60060E8007DC48000030DC48000004EEd0
    0.0    4.0    0.0    4.0  0.0  0.0    0.0    0.2   0   0 c0t60060E8007DC48000030DC48000004F8d0
    0.0   14.1    0.0  196.8  0.0  0.0    0.0    0.2   0   0 c0t60060E8007DC48000030DC4800000500d0
    0.0    4.0    0.0    4.0  0.0  0.0    0.0    0.2   0   0 c0t60060E8007DC48000030DC48000004F9d0
    0.0   24.1    0.0  412.6  0.0  0.0    0.0    0.2   0   0 c0t60060E8007DC48000030DC48000004FAd0
    0.0    4.0    0.0    4.0  0.0  0.0    0.0    0.2   0   0 c0t60060E8007DC48000030DC48000004F7d0
    0.0   18.1    0.0  412.6  0.0  0.0    0.0    0.2   0   0 c0t60060E8007DC48000030DC48000013B0d0
    0.0    6.0    0.0   72.3  0.0  0.0    0.0    0.2   0   0 c0t60060E8007DC48000030DC48000013BAd0
    0.0   19.1    0.0  220.9  0.0  0.0    0.0    0.2   0   0 c0t60060E8007DC48000030DC48000013D5d0
    0.0    6.0    0.0   72.3  0.0  0.0    0.0    0.2   0   0 c0t60060E8007DC48000030DC48000013B9d0
    0.0   18.1    0.0  289.1  0.0  0.0    0.0    0.2   0   0 c0t60060E8007DC48000030DC48000013A8d0
    0.0   13.1    0.0  208.8  0.0  0.0    0.0    0.2   0   0 c0t60060E8007DC48000030DC48000013F8d0
    0.0   36.1    0.0  437.7  0.0  0.0    0.0    0.2   0   1 c0t60060E8007DC48000030DC48000013D2d0
    0.0   18.1    0.0  289.1  0.0  0.0    0.0    0.2   0   0 c0t60060E8007DC48000030DC48000013FFd0
    0.0    6.0    0.0   72.3  0.0  0.0    0.0    0.2   0   0 c0t60060E8007DC48000030DC48000013A5d0
    0.0   15.1    0.0  196.8  0.0  0.0    0.0    0.2   0   0 c0t60060E8007DC48000030DC48000013F9d0
    0.0    2.0    0.0   32.1  0.0  0.0    0.0    0.2   0   0 c0t60060E8007DC48000030DC48000013C1d0
    0.0   17.1    0.0  216.8  0.0  0.0    0.0    0.2   0   0 c0t60060E8007DC48000030DC480000138Ad0
    0.0    2.0    0.0   32.1  0.0  0.0    0.0    0.2   0   0 c0t60060E8007DC48000030DC48000013ADd0
    0.0   19.1    0.0  220.9  0.0  0.0    0.0    0.2   0   0 c0t60060E8007DC48000030DC48000013CEd0
    0.0   16.1    0.0  200.8  0.0  0.0    0.0    0.2   0   0 c0t60060E8007DC48000030DC4800001398d0
    0.0    5.0    0.0   80.3  0.0  0.0    0.0    0.2   0   0 c0t60060E8007DC48000030DC480000139Ad0
1495332099
                    extended device statistics              
    r/s    w/s   kr/s   kw/s wait actv wsvc_t asvc_t  %w  %b device
    0.0    1.0    0.0    4.0  0.0  0.0    0.0    5.3   0   1 c0t5000CCA0546345D8d0
    0.0    1.0    0.0    4.0  0.0  0.0    0.0    6.7   0   1 c0t5000CCA054645EACd0
1495332100
                    extended device statistics              
    r/s    w/s   kr/s   kw/s wait actv wsvc_t asvc_t  %w  %b device
    0.0   61.0    0.0  830.5  0.0  0.3    0.0    5.5   0  30 c0t5000CCA0546345D8d0
    0.0   61.0    0.0  830.5  0.0  0.3    0.0    5.3   0  29 c0t5000CCA054645EACd0
1495332101
                    extended device statistics              
    r/s    w/s   kr/s   kw/s wait actv wsvc_t asvc_t  %w  %b device
1495332102
                    extended device statistics              
    r/s    w/s   kr/s   kw/s wait actv wsvc_t asvc_t  %w  %b device
    0.0   15.0    0.0   85.1  0.0  0.0    0.0    0.2   0   0 c0t60060E8007DC48000030DC480000107Ad0
    0.0   19.0    0.0  240.2  0.0  0.0    0.0    0.2   0   0 c0t60060E8007DC48000030DC4800001084d0
    0.0  100.1    0.0  365.3  0.0  0.0    0.0    0.2   0   2 c0t60060E8007DC48000030DC480000107Cd0
    0.0  143.1    0.0  622.6  0.0  0.0    0.0    0.2   0   3 c0t60060E8007DC48000030DC48000004EEd0
    0.0    2.0    0.0    6.5  0.0  0.0    0.0    0.2   0   0 c0t60060E8007DC48000030DC48000004F8d0
    0.0   16.0    0.0   54.5  0.0  0.0    0.0    0.2   0   0 c0t60060E8007DC48000030DC48000004F4d0
    0.0   29.0    0.0 2883.6  0.0  0.0    0.0    0.4   0   1 c0t60060E8007DC48000030DC48000004FAd0
    0.0    2.0    0.0    6.5  0.0  0.0    0.0    0.2   0   0 c0t60060E8007DC48000030DC48000004EBd0
    0.0    1.0    0.0    2.0  0.0  0.0    0.0    0.2   0   0 c0t60060E8007DC48000030DC48000004F2d0
    0.0   15.0    0.0   85.1  0.0  0.0    0.0    0.2   0   0 c0t60060E8007DC48000030DC48000013C2d0
    0.0    3.0    0.0    5.5  0.0  0.0    0.0    0.2   0   0 c0t60060E8007DC48000030DC4800001403d0
    0.0   99.1    0.0 1970.7  0.0  0.0    0.0    0.2   0   2 c0t60060E8007DC48000030DC48000013B0d0
    0.0    2.0    0.0    8.0  0.0  0.0    0.0    0.2   0   0 c0t60060E8007DC48000030DC48000013DDd0
    0.0   18.0    0.0  147.1  0.0  0.0    0.0    0.2   0   0 c0t60060E8007DC48000030DC48000013E9d0
    0.0   92.1    0.0  539.0  0.0  0.0    0.0    0.2   0   2 c0t60060E8007DC48000030DC480000139Fd0
    0.0   11.0    0.0   50.5  0.0  0.0    0.0    0.2   0   0 c0t60060E8007DC48000030DC48000013FCd0
    0.0   25.0    0.0  176.2  0.0  0.0    0.0    0.2   0   0 c0t60060E8007DC48000030DC48000013E2d0
    0.0   18.0    0.0   58.6  0.0  0.0    0.0    0.2   0   0 c0t60060E8007DC48000030DC48000013AEd0
    0.0    3.0    0.0    5.5  0.0  0.0    0.0    0.2   0   0 c0t60060E8007DC48000030DC48000013C5d0
    0.0    1.0    0.0    4.0  0.0  0.0    0.0    0.2   0   0 c0t60060E8007DC48000030DC48000013B3d0
    0.0    3.0    0.0   15.5  0.0  0.0    0.0    0.2   0   0 c0t60060E8007DC48000030DC48000013E4d0
    0.0   13.0    0.0   50.5  0.0  0.0    0.0    0.2   0   0 c0t60060E8007DC48000030DC48000013C0d0
    0.0   24.0    0.0  191.7  0.0  0.0    0.0    0.2   0   0 c0t60060E8007DC48000030DC4800001391d0
    0.0   15.0    0.0   85.1  0.0  0.0    0.0    0.2   0   0 c0t60060E8007DC48000030DC48000013EEd0
    0.0    2.0    0.0    6.5  0.0  0.0    0.0    0.2   0   0 c0t60060E8007DC48000030DC48000013B1d0
    0.0    3.0    0.0    5.5  0.0  0.0    0.0    0.2   0   0 c0t60060E8007DC48000030DC48000013EAd0
    0.0   26.0    0.0  285.3  0.0  0.0    0.0    0.2   0   1 c0t60060E8007DC48000030DC48000013B4d0
    0.0   18.0    0.0   58.6  0.0  0.0    0.0    0.2   0   0 c0t60060E8007DC48000030DC48000013EDd0
    0.0   11.0    0.0   50.5  0.0  0.0    0.0    0.2   0   0 c0t60060E8007DC48000030DC48000013AAd0
    0.0    8.0    0.0   44.5  0.0  0.0    0.0    0.2   0   0 c0t60060E8007DC48000030DC48000013E0d0
    0.0    2.0    0.0    8.0  0.0  0.0    0.0    0.2   0   0 c0t60060E8007DC48000030DC480000138Bd0
    0.0    2.0    0.0    8.0  0.0  0.0    0.0    0.2   0   0 c0t60060E8007DC48000030DC4800001404d0
1495332103
                    extended device statistics              
    r/s    w/s   kr/s   kw/s wait actv wsvc_t asvc_t  %w  %b device
    0.0   40.1    0.0  210.2  0.0  0.0    0.0    0.2   0   1 c0t60060E8007DC48000030DC480000107Ad0
    0.0   45.2    0.0  436.5  0.0  0.0    0.0    0.2   0   1 c0t60060E8007DC48000030DC4800001079d0
    0.0   40.1    0.0  146.0  0.0  0.0    0.0    0.2   0   1 c0t60060E8007DC48000030DC4800001084d0
    0.0   73.2    0.0  178.1  0.0  0.0    0.0    0.2   0   1 c0t60060E8007DC48000030DC480000107Cd0
    0.0   71.2    0.0  178.1  0.0  0.0    0.0    0.2   0   1 c0t60060E8007DC48000030DC48000004EEd0
    0.0    4.0    0.0    4.0  0.0  0.0    0.0    0.2   0   0 c0t60060E8007DC48000030DC48000004F3d0
    0.0    3.0    0.0    5.5  0.0  0.0    0.0    0.2   0   0 c0t60060E8007DC48000030DC48000004FDd0
    0.0    1.0    0.0    4.0  0.0  0.0    0.0    0.2   0   0 c0t60060E8007DC48000030DC48000004F8d0
    0.0    5.0    0.0   20.1  0.0  0.0    0.0    0.2   0   0 c0t60060E8007DC48000030DC48000004FFd0
    0.0    4.0    0.0    4.0  0.0  0.0    0.0    0.2   0   0 c0t60060E8007DC48000030DC48000004F1d0
    0.0   11.0    0.0   36.1  0.0  0.0    0.0    0.2   0   0 c0t60060E8007DC48000030DC48000004F4d0
    0.0    1.0    0.0    4.0  0.0  0.0    0.0    0.2   0   0 c0t60060E8007DC48000030DC48000004EBd0
    0.0    5.0    0.0    6.0  0.0  0.0    0.0    0.2   0   0 c0t60060E8007DC48000030DC48000004F2d0
    0.0    1.0    0.0    1.5  0.0  0.0    0.0    0.2   0   0 c0t60060E8007DC48000030DC48000013E7d0
    0.0   37.1    0.0  204.7  0.0  0.0    0.0    0.2   0   1 c0t60060E8007DC48000030DC48000013C2d0
    0.0   23.1    0.0   67.7  0.0  0.0    0.0    0.2   0   0 c0t60060E8007DC48000030DC48000013A3d0
    0.0    2.0    0.0    2.5  0.0  0.0    0.0    0.2   0   0 c0t60060E8007DC48000030DC4800001403d0
    0.0   17.1    0.0   27.6  0.0  0.0    0.0    0.2   0   0 c0t60060E8007DC48000030DC48000013B0d0
    0.0    2.0    0.0    8.0  0.0  0.0    0.0    0.2   0   0 c0t60060E8007DC48000030DC48000013DDd0
    0.0   32.1    0.0  116.4  0.0  0.0    0.0    0.2   0   1 c0t60060E8007DC48000030DC48000013E9d0
    0.0   59.2    0.0 1045.0  0.0  0.0    0.0    0.2   0   1 c0t60060E8007DC48000030DC4800001405d0
    0.0   88.3    0.0  294.5  0.0  0.0    0.0    0.2   0   2 c0t60060E8007DC48000030DC480000139Fd0
    0.0   34.1    0.0  804.7  0.0  0.0    0.0    0.2   0   1 c0t60060E8007DC48000030DC4800001385d0
    0.0   21.1    0.0   75.3  0.0  0.0    0.0    0.2   0   0 c0t60060E8007DC48000030DC48000013FCd0
    0.0   26.1    0.0  111.9  0.0  0.0    0.0    0.2   0   0 c0t60060E8007DC48000030DC48000013F2d0
    0.0   33.1    0.0  132.4  0.0  0.0    0.0    0.2   0   1 c0t60060E8007DC48000030DC48000013E2d0
    0.0   11.0    0.0   40.1  0.0  0.0    0.0    0.2   0   0 c0t60060E8007DC48000030DC48000013AEd0
    0.0    2.0    0.0    2.5  0.0  0.0    0.0    0.2   0   0 c0t60060E8007DC48000030DC48000013C5d0
    0.0    1.0    0.0    4.0  0.0  0.0    0.0    0.2   0   0 c0t60060E8007DC48000030DC48000013B3d0
    0.0    3.0    0.0   23.1  0.0  0.0    0.0    0.2   0   0 c0t60060E8007DC48000030DC48000013E4d0
    0.0   33.1    0.0  286.0  0.0  0.0    0.0    0.2   0   1 c0t60060E8007DC48000030DC48000013FAd0
    0.0   19.1    0.0   55.2  0.0  0.0    0.0    0.2   0   0 c0t60060E8007DC48000030DC48000013C0d0
    0.0    8.0    0.0   22.1  0.0  0.0    0.0    0.2   0   0 c0t60060E8007DC48000030DC480000138Dd0
    0.0   36.1    0.0  155.5  0.0  0.0    0.0    0.2   0   1 c0t60060E8007DC48000030DC4800001391d0
    0.0    1.0    0.0    2.0  0.0  0.0    0.0    0.2   0   0 c0t60060E8007DC48000030DC48000013D8d0
    0.0    9.0    0.0   24.1  0.0  0.0    0.0    0.2   0   0 c0t60060E8007DC48000030DC4800001396d0
    0.0    3.0    0.0    8.0  0.0  0.0    0.0    0.2   0   0 c0t60060E8007DC48000030DC4800001381d0
    0.0   41.1    0.0  210.2  0.0  0.0    0.0    0.2   0   1 c0t60060E8007DC48000030DC48000013EEd0
    0.0    2.0    0.0    8.0  0.0  0.0    0.0    0.2   0   0 c0t60060E8007DC48000030DC48000013C3d0
    0.0    1.0    0.0    4.0  0.0  0.0    0.0    0.2   0   0 c0t60060E8007DC48000030DC48000013B1d0
    0.0    2.0    0.0    7.5  0.0  0.0    0.0    0.2   0   0 c0t60060E8007DC48000030DC480000138Fd0
    0.0    2.0    0.0    2.5  0.0  0.0    0.0    0.2   0   0 c0t60060E8007DC48000030DC48000013EAd0
    0.0    4.0    0.0   10.0  0.0  0.0    0.0    0.2   0   0 c0t60060E8007DC48000030DC48000013E1d0
    0.0   68.2    0.0  381.8  0.0  0.0    0.0    0.2   0   1 c0t60060E8007DC48000030DC48000013DCd0
    0.0   37.1    0.0  146.0  0.0  0.0    0.0    0.2   0   1 c0t60060E8007DC48000030DC48000013B4d0
    0.0   12.0    0.0   40.1  0.0  0.0    0.0    0.2   0   0 c0t60060E8007DC48000030DC48000013EDd0
    0.0    1.0    0.0    4.0  0.0  0.0    0.0    0.2   0   0 c0t60060E8007DC48000030DC48000013C6d0
    0.0   46.2    0.0  654.2  0.0  0.0    0.0    0.2   0   1 c0t60060E8007DC48000030DC48000013BCd0
    0.0   20.1    0.0   75.3  0.0  0.0    0.0    0.2   0   0 c0t60060E8007DC48000030DC48000013AAd0
    0.0    6.0    0.0   39.1  0.0  0.0    0.0    0.2   0   0 c0t60060E8007DC48000030DC48000013E0d0
    0.0    2.0    0.0    8.0  0.0  0.0    0.0    0.2   0   0 c0t60060E8007DC48000030DC480000138Bd0
    0.0   53.2    0.0  271.4  0.0  0.0    0.0    0.2   0   1 c0t60060E8007DC48000030DC48000013A4d0
    0.0   69.2    0.0  381.8  0.0  0.0    0.0    0.2   0   1 c0t60060E8007DC48000030DC48000013FBd0
    0.0    4.0    0.0   11.5  0.0  0.0    0.0    0.2   0   0 c0t60060E8007DC48000030DC4800001402d0
    0.0    3.0    0.0   11.5  0.0  0.0    0.0    0.2   0   0 c0t60060E8007DC48000030DC48000013DAd0
    0.0    1.0    0.0    1.5  0.0  0.0    0.0    0.2   0   0 c0t60060E8007DC48000030DC4800001387d0
    0.0    2.0    0.0    8.0  0.0  0.0    0.0    0.2   0   0 c0t60060E8007DC48000030DC4800001404d0
1495332104
                    extended device statistics              
    r/s    w/s   kr/s   kw/s wait actv wsvc_t asvc_t  %w  %b device
1495332105
                    extended device statistics              
    r/s    w/s   kr/s   kw/s wait actv wsvc_t asvc_t  %w  %b device
    0.0   68.2    0.0  699.8  0.0  0.4    0.0    5.5   0  33 c0t5000CCA0546345D8d0
    0.0   68.2    0.0  699.8  0.0  0.4    0.0    5.3   0  33 c0t5000CCA054645EACd0
1495332106
                    extended device statistics              
    r/s    w/s   kr/s   kw/s wait actv wsvc_t asvc_t  %w  %b device
1495332107
                    extended device statistics              
    r/s    w/s   kr/s   kw/s wait actv wsvc_t asvc_t  %w  %b device
    0.0   83.2    0.0  512.0  0.0  0.0    0.0    0.2   0   1 c0t60060E8007DC48000030DC4800001088d0
    0.0   32.5    0.0  204.5  0.0  0.0    0.0    0.2   0   1 c0t60060E8007DC48000030DC480000107Fd0
    0.0   31.5    0.0  106.6  0.0  0.0    0.0    0.2   0   1 c0t60060E8007DC48000030DC4800001085d0
    0.0    1.0    0.0    4.1  0.0  0.0    0.0    0.2   0   0 c0t60060E8007DC48000030DC48000004F3d0
    0.0    3.0    0.0   10.7  0.0  0.0    0.0    0.2   0   0 c0t60060E8007DC48000030DC48000004F5d0
    0.0    1.0    0.0    2.0  0.0  0.0    0.0    0.2   0   0 c0t60060E8007DC48000030DC48000004FBd0
    0.0    2.0    0.0    4.1  0.0  0.0    0.0    0.2   0   0 c0t60060E8007DC48000030DC48000004EFd0
    0.0    1.0    0.0    1.5  0.0  0.0    0.0    0.2   0   0 c0t60060E8007DC48000030DC48000004EAd0
    0.0   48.7    0.0  309.0  0.0  0.0    0.0    0.2   0   1 c0t60060E8007DC48000030DC48000004F6d0
    0.0    1.0    0.0    1.5  0.0  0.0    0.0    0.2   0   0 c0t60060E8007DC48000030DC48000004F9d0
    0.0   88.3    0.0  570.4  0.0  0.0    0.0    0.2   0   2 c0t60060E8007DC48000030DC48000004FEd0
    0.0   74.1    0.0  550.1  0.0  0.0    0.0    0.2   0   1 c0t60060E8007DC48000030DC4800001397d0
    0.0   45.7    0.0  233.9  0.0  0.0    0.0    0.2   0   1 c0t60060E8007DC48000030DC48000013C7d0
    0.0   56.8    0.0 4330.7  0.0  0.0    0.0    0.3   0   2 c0t60060E8007DC48000030DC4800001405d0
    0.0    1.0    0.0    2.0  0.0  0.0    0.0    0.2   0   0 c0t60060E8007DC48000030DC4800001407d0
    0.0  260.8    0.0  974.3  0.0  0.0    0.0    0.2   0   5 c0t60060E8007DC48000030DC4800001385d0
    0.0  215.2    0.0  679.0  0.0  0.0    0.0    0.2   0   4 c0t60060E8007DC48000030DC4800001384d0
    0.0    2.0    0.0    3.6  0.0  0.0    0.0    0.2   0   0 c0t60060E8007DC48000030DC4800001395d0
    0.0   46.7    0.0  233.9  0.0  0.0    0.0    0.2   0   1 c0t60060E8007DC48000030DC48000013D9d0
    0.0    2.0    0.0    8.1  0.0  0.0    0.0    0.2   0   0 c0t60060E8007DC48000030DC48000013D0d0
    0.0   45.7    0.0  309.1  0.0  0.0    0.0    0.2   0   1 c0t60060E8007DC48000030DC48000013D4d0
    0.0    1.0    0.0    4.1  0.0  0.0    0.0    0.2   0   0 c0t60060E8007DC48000030DC48000013C9d0
    0.0    3.0    0.0   12.2  0.0  0.0    0.0    0.2   0   0 c0t60060E8007DC48000030DC48000013DBd0
    0.0    2.0    0.0    6.6  0.0  0.0    0.0    0.2   0   0 c0t60060E8007DC48000030DC48000013F4d0
    0.0   87.3    0.0  512.0  0.0  0.0    0.0    0.2   0   2 c0t60060E8007DC48000030DC48000013A7d0
    0.0    2.0    0.0    4.1  0.0  0.0    0.0    0.2   0   0 c0t60060E8007DC48000030DC48000013CCd0
    0.0  255.8    0.0  994.1  0.0  0.0    0.0    0.2   0   4 c0t60060E8007DC48000030DC48000013BCd0
    0.0    4.1    0.0   14.2  0.0  0.0    0.0    0.2   0   0 c0t60060E8007DC48000030DC48000013B6d0
    0.0  109.6    0.0  780.0  0.0  0.0    0.0    0.2   0   2 c0t60060E8007DC48000030DC48000013F6d0
    0.0    4.1    0.0   14.7  0.0  0.0    0.0    0.2   0   0 c0t60060E8007DC48000030DC48000013ECd0
    0.0    4.1    0.0   14.2  0.0  0.0    0.0    0.2   0   0 c0t60060E8007DC48000030DC48000013D7d0
    0.0   89.3    0.0  516.1  0.0  0.0    0.0    0.2   0   2 c0t60060E8007DC48000030DC48000013A2d0
1495332108
                    extended device statistics              
    r/s    w/s   kr/s   kw/s wait actv wsvc_t asvc_t  %w  %b device
    0.0    5.9    0.0   64.0  0.0  0.0    0.0    0.2   0   0 c0t60060E8007DC48000030DC4800001088d0
    0.0    2.0    0.0    5.9  0.0  0.0    0.0    0.2   0   0 c0t60060E8007DC48000030DC480000107Fd0
    0.0    3.0    0.0    4.9  0.0  0.0    0.0    0.2   0   0 c0t60060E8007DC48000030DC4800001085d0
    0.0   30.5    0.0  651.0  0.0  0.0    0.0    0.2   0   1 c0t60060E8007DC48000030DC48000004FCd0
    0.0    4.9    0.0   10.8  0.0  0.0    0.0    0.2   0   0 c0t60060E8007DC48000030DC48000004F6d0
    0.0    4.9    0.0   18.7  0.0  0.0    0.0    0.2   0   0 c0t60060E8007DC48000030DC48000004FEd0
    0.0    4.9    0.0   18.7  0.0  0.0    0.0    0.2   0   0 c0t60060E8007DC48000030DC4800001397d0
    0.0    2.0    0.0    7.9  0.0  0.0    0.0    0.2   0   0 c0t60060E8007DC48000030DC48000013C7d0
    0.0    9.8    0.0   19.2  0.0  0.0    0.0    0.2   0   0 c0t60060E8007DC48000030DC4800001385d0
    0.0    9.8    0.0   19.2  0.0  0.0    0.0    0.2   0   0 c0t60060E8007DC48000030DC4800001384d0
    0.0    2.0    0.0    7.9  0.0  0.0    0.0    0.3   0   0 c0t60060E8007DC48000030DC48000013D9d0
    0.0   47.3    0.0  650.9  0.0  0.0    0.0    0.2   0   1 c0t60060E8007DC48000030DC48000013C8d0
    0.0    3.9    0.0    3.9  0.0  0.0    0.0    0.1   0   0 c0t60060E8007DC48000030DC480000138Dd0
    0.0    4.9    0.0   10.8  0.0  0.0    0.0    0.2   0   0 c0t60060E8007DC48000030DC48000013D4d0
    0.0   49.2    0.0  651.0  0.0  0.0    0.0    0.2   0   1 c0t60060E8007DC48000030DC48000013DFd0
    0.0   28.6    0.0  394.4  0.0  0.0    0.0    0.2   0   1 c0t60060E8007DC48000030DC48000013DBd0
    0.0    3.9    0.0    3.9  0.0  0.0    0.0    0.2   0   0 c0t60060E8007DC48000030DC480000138Cd0
    0.0    5.9    0.0   64.0  0.0  0.0    0.0    0.2   0   0 c0t60060E8007DC48000030DC48000013A7d0
    0.0    9.8    0.0   19.2  0.0  0.0    0.0    0.2   0   0 c0t60060E8007DC48000030DC48000013BCd0
    0.0   33.5    0.0  394.4  0.0  0.0    0.0    0.2   0   1 c0t60060E8007DC48000030DC48000013B6d0
    0.0    6.9    0.0   26.6  0.0  0.0    0.0    0.2   0   0 c0t60060E8007DC48000030DC48000013F6d0
    0.0   30.5    0.0  394.4  0.0  0.0    0.0    0.2   0   1 c0t60060E8007DC48000030DC48000013D7d0
    0.0    3.9    0.0    3.9  0.0  0.0    0.0    0.2   0   0 c0t60060E8007DC48000030DC480000138Bd0
    0.0    6.9    0.0   64.0  0.0  0.0    0.0    0.2   0   0 c0t60060E8007DC48000030DC48000013A2d0
1495332109
                    extended device statistics              
    r/s    w/s   kr/s   kw/s wait actv wsvc_t asvc_t  %w  %b device
1495332110
                    extended device statistics              
    r/s    w/s   kr/s   kw/s wait actv wsvc_t asvc_t  %w  %b device
    0.0   99.6    0.0 1555.7  0.0  0.5    0.0    5.3   0  48 c0t5000CCA0546345D8d0
    0.0   99.6    0.0 1555.7  0.0  0.6    0.0    5.6   0  51 c0t5000CCA054645EACd0
1495332111
                    extended device statistics              
    r/s    w/s   kr/s   kw/s wait actv wsvc_t asvc_t  %w  %b device
    0.0   29.5    0.0  118.2  0.0  0.1    0.0    4.1   0  12 c0t5000CCA0546345D8d0
    0.0   29.5    0.0  118.2  0.0  0.1    0.0    3.9   0  12 c0t5000CCA054645EACd0
1495332112
                    extended device statistics              
    r/s    w/s   kr/s   kw/s wait actv wsvc_t asvc_t  %w  %b device
    0.0   13.9    0.0  176.2  0.0  0.0    0.0    0.2   0   0 c0t60060E8007DC48000030DC480000107Ed0
    0.0   28.9    0.0  182.6  0.0  0.0    0.0    0.2   0   1 c0t60060E8007DC48000030DC4800001081d0
    0.0   66.7    0.0  607.1  0.0  0.0    0.0    0.2   0   1 c0t60060E8007DC48000030DC4800001074d0
    0.0   32.8    0.0  364.3  0.0  0.0    0.0    0.2   0   1 c0t60060E8007DC48000030DC48000004F1d0
    0.0   25.9    0.0 1716.3  0.0  0.0    0.0    0.3   0   1 c0t60060E8007DC48000030DC48000013A6d0
    0.0  134.4    0.0  403.6  0.0  0.0    0.0    0.2   0   3 c0t60060E8007DC48000030DC48000013BBd0
    0.0    2.0    0.0  128.4  0.0  0.0    0.0    0.3   0   0 c0t60060E8007DC48000030DC48000013B7d0
    0.0  133.4    0.0  535.4  0.0  0.0    0.0    0.2   0   3 c0t60060E8007DC48000030DC48000013BFd0
    0.0   37.8    0.0  279.2  0.0  0.0    0.0    0.2   0   1 c0t60060E8007DC48000030DC48000013F5d0
    0.0   20.9    0.0   71.2  0.0  0.0    0.0    0.2   0   0 c0t60060E8007DC48000030DC48000013FDd0
    0.0   37.8    0.0 1287.3  0.0  0.0    0.0    0.3   0   1 c0t60060E8007DC48000030DC48000013B2d0
    0.0  105.5    0.0  441.9  0.0  0.0    0.0    0.2   0   2 c0t60060E8007DC48000030DC48000013CAd0
    0.0   29.9    0.0  198.5  0.0  0.0    0.0    0.2   0   1 c0t60060E8007DC48000030DC48000013D6d0
    0.0   94.5    0.0  396.1  0.0  0.0    0.0    0.2   0   2 c0t60060E8007DC48000030DC48000013A0d0
    0.0   21.9    0.0 1065.4  0.0  0.0    0.0    0.3   0   1 c0t60060E8007DC48000030DC48000013CFd0
    0.0   68.7    0.0  561.8  0.0  0.0    0.0    0.2   0   1 c0t60060E8007DC48000030DC48000013CDd0
    0.0    1.0    0.0    1.0  0.0  0.0    0.0    0.2   0   0 c0t60060E8007DC48000030DC480000139Ed0
    0.0   95.5    0.0  364.7  0.0  0.0    0.0    0.2   0   2 c0t60060E8007DC48000030DC48000013AFd0
    0.0   69.7    0.0  613.5  0.0  0.0    0.0    0.2   0   1 c0t60060E8007DC48000030DC48000013A9d0
1495332113
                    extended device statistics              
    r/s    w/s   kr/s   kw/s wait actv wsvc_t asvc_t  %w  %b device
    0.0    9.0    0.0   39.2  0.0  0.0    0.0    0.2   0   0 c0t60060E8007DC48000030DC4800001081d0
    0.0   79.3    0.0  876.2  0.0  0.0    0.0    0.2   0   1 c0t60060E8007DC48000030DC4800001074d0
    0.0    7.0    0.0   25.6  0.0  0.0    0.0    0.2   0   0 c0t60060E8007DC48000030DC48000013BBd0
    0.0    7.0    0.0   25.6  0.0  0.0    0.0    0.2   0   0 c0t60060E8007DC48000030DC48000013BFd0
    0.0   38.2    0.0  418.3  0.0  0.0    0.0    0.2   0   1 c0t60060E8007DC48000030DC48000013F5d0
    0.0    4.0    0.0    4.0  0.0  0.0    0.0    0.2   0   0 c0t60060E8007DC48000030DC480000138Fd0
    0.0   38.2    0.0  108.0  0.0  0.0    0.0    0.2   0   1 c0t60060E8007DC48000030DC48000013CAd0
    0.0    5.0    0.0   23.1  0.0  0.0    0.0    0.2   0   0 c0t60060E8007DC48000030DC48000013D6d0
    0.0   72.3    0.0  546.4  0.0  0.0    0.0    0.2   0   1 c0t60060E8007DC48000030DC48000013A0d0
    0.0   86.4    0.0  820.1  0.0  0.0    0.0    0.2   0   1 c0t60060E8007DC48000030DC48000013CDd0
    0.0   59.3    0.0  476.1  0.0  0.0    0.0    0.2   0   1 c0t60060E8007DC48000030DC48000013AFd0
    0.0    4.0    0.0    4.0  0.0  0.0    0.0    0.2   0   0 c0t60060E8007DC48000030DC480000138Ed0
    0.0    4.0    0.0    4.0  0.0  0.0    0.0    0.2   0   0 c0t60060E8007DC48000030DC4800001390d0
    0.0   98.4    0.0  915.5  0.0  0.0    0.0    0.2   0   2 c0t60060E8007DC48000030DC48000013A9d0
1495332114
                    extended device statistics              
    r/s    w/s   kr/s   kw/s wait actv wsvc_t asvc_t  %w  %b device
    1.0    1.0    0.1    4.0  0.0  0.0    0.0    2.6   0   1 c0t5000CCA0546345D8d0
    1.0    1.0    0.1    4.0  0.0  0.0    0.0    3.0   0   1 c0t5000CCA054645EACd0
    2.0    0.0    0.1    0.0  0.0  0.0    0.0    0.0   0   0 c0t5000CCA054649E58d0
    1.0    0.0    0.1    0.0  0.0  0.0    0.0    0.0   0   0 c0t5000CCA054646F50d0
1495332115
                    extended device statistics              
    r/s    w/s   kr/s   kw/s wait actv wsvc_t asvc_t  %w  %b device
    1.0   61.9    0.1  920.3  0.0  0.3    0.0    5.5   0  30 c0t5000CCA0546345D8d0
    1.0   61.9    0.1  920.3  0.0  0.3    0.0    5.4   0  31 c0t5000CCA054645EACd0
1495332116
                    extended device statistics              
    r/s    w/s   kr/s   kw/s wait actv wsvc_t asvc_t  %w  %b device
    2.0    0.0    0.1    0.0  0.0  0.0    0.0    0.0   0   0 c0t5000CCA054649E58d0
    1.0    0.0    0.1    0.0  0.0  0.0    0.0    0.0   0   0 c0t5000CCA054646F50d0
1495332117
                    extended device statistics              
    r/s    w/s   kr/s   kw/s wait actv wsvc_t asvc_t  %w  %b device
    0.0   39.9    0.0 1572.0  0.0  0.0    0.0    0.3   0   1 c0t60060E8007DC48000030DC4800001081d0
    0.0    3.0    0.0   15.0  0.0  0.0    0.0    0.2   0   0 c0t60060E8007DC48000030DC4800001074d0
    0.0   72.8    0.0  461.0  0.0  0.0    0.0    0.2   0   1 c0t60060E8007DC48000030DC48000004F0d0
    0.0    3.0    0.0    5.5  0.0  0.0    0.0    0.2   0   0 c0t60060E8007DC48000030DC48000004ECd0
    0.0   28.9    0.0  164.5  0.0  0.0    0.0    0.2   0   1 c0t60060E8007DC48000030DC48000004EDd0
    0.0  167.5    0.0  783.5  0.0  0.0    0.0    0.2   0   3 c0t60060E8007DC48000030DC4800001382d0
    0.0   32.9    0.0  140.6  0.0  0.0    0.0    0.2   0   1 c0t60060E8007DC48000030DC480000139Dd0
    0.0   13.0    0.0   82.7  0.0  0.0    0.0    0.2   0   0 c0t60060E8007DC48000030DC48000013E6d0
    0.0    3.0    0.0    5.5  0.0  0.0    0.0    0.2   0   0 c0t60060E8007DC48000030DC480000139Bd0
    0.0   28.9    0.0  302.0  0.0  0.0    0.0    0.2   0   1 c0t60060E8007DC48000030DC4800001394d0
    0.0    2.0    0.0    3.0  0.0  0.0    0.0    0.2   0   0 c0t60060E8007DC48000030DC4800001401d0
    0.0  140.6    0.0  747.1  0.0  0.0    0.0    0.2   0   3 c0t60060E8007DC48000030DC4800001386d0
    0.0  138.6    0.0  668.4  0.0  0.0    0.0    0.2   0   3 c0t60060E8007DC48000030DC48000013EFd0
    0.0    1.0    0.0    1.0  0.0  0.0    0.0    0.2   0   0 c0t60060E8007DC48000030DC48000013F5d0
    0.0   46.9    0.0  388.8  0.0  0.0    0.0    0.2   0   1 c0t60060E8007DC48000030DC48000013C4d0
    0.0   47.8    0.0 3988.8  0.0  0.0    0.0    0.3   0   2 c0t60060E8007DC48000030DC48000013D6d0
    0.0    4.0    0.0    6.0  0.0  0.0    0.0    0.2   0   0 c0t60060E8007DC48000030DC48000013F7d0
    0.0   24.9    0.0  127.1  0.0  0.0    0.0    0.2   0   0 c0t60060E8007DC48000030DC48000013BDd0
    0.0   40.9    0.0  319.5  0.0  0.0    0.0    0.2   0   1 c0t60060E8007DC48000030DC4800001388d0
    0.0   31.9    0.0  203.4  0.0  0.0    0.0    0.2   0   1 c0t60060E8007DC48000030DC4800001400d0
    0.0    3.0    0.0    9.0  0.0  0.0    0.0    0.2   0   0 c0t60060E8007DC48000030DC48000013CDd0
    0.0   28.9    0.0  202.4  0.0  0.0    0.0    0.2   0   1 c0t60060E8007DC48000030DC48000013DEd0
    0.0   50.8    0.0  283.6  0.0  0.0    0.0    0.2   0   1 c0t60060E8007DC48000030DC48000013E8d0
    0.0    3.0    0.0    5.5  0.0  0.0    0.0    0.2   0   0 c0t60060E8007DC48000030DC48000013E5d0
    0.0    2.0    0.0    3.5  0.0  0.0    0.0    0.2   0   0 c0t60060E8007DC48000030DC4800001390d0
    0.0    3.0    0.0   10.0  0.0  0.0    0.0    0.2   0   0 c0t60060E8007DC48000030DC4800001393d0
    0.0   75.8    0.0  475.0  0.0  0.0    0.0    0.2   0   1 c0t60060E8007DC48000030DC48000013F0d0
1495332118
                    extended device statistics              
    r/s    w/s   kr/s   kw/s wait actv wsvc_t asvc_t  %w  %b device
    0.0   25.4    0.0  518.0  0.0  0.0    0.0    0.2   0   1 c0t60060E8007DC48000030DC4800001086d0
    0.0   26.5    0.0  372.4  0.0  0.0    0.0    0.2   0   1 c0t60060E8007DC48000030DC48000004F0d0
    0.0    4.1    0.0    4.1  0.0  0.0    0.0    0.2   0   0 c0t60060E8007DC48000030DC48000013BEd0
    0.0   24.4    0.0  104.3  0.0  0.0    0.0    0.2   0   0 c0t60060E8007DC48000030DC4800001382d0
    0.0    1.0    0.0    3.6  0.0  0.0    0.0    0.2   0   0 c0t60060E8007DC48000030DC480000139Dd0
    0.0   39.7    0.0  538.3  0.0  0.0    0.0    0.2   0   1 c0t60060E8007DC48000030DC48000013E6d0
    0.0   35.6    0.0  518.0  0.0  0.0    0.0    0.2   0   1 c0t60060E8007DC48000030DC48000013B8d0
    0.0    4.1    0.0    4.1  0.0  0.0    0.0    0.2   0   0 c0t60060E8007DC48000030DC48000013C0d0
    0.0   27.5    0.0  121.1  0.0  0.0    0.0    0.2   0   0 c0t60060E8007DC48000030DC4800001386d0
    0.0   22.4    0.0   97.2  0.0  0.0    0.0    0.2   0   0 c0t60060E8007DC48000030DC48000013EFd0
    0.0    4.1    0.0    4.1  0.0  0.0    0.0    0.2   0   0 c0t60060E8007DC48000030DC48000013BFd0
    0.0   14.2    0.0  157.2  0.0  0.0    0.0    0.2   0   0 c0t60060E8007DC48000030DC48000013C4d0
    0.0    1.0    0.0    9.7  0.0  0.0    0.0    0.2   0   0 c0t60060E8007DC48000030DC4800001388d0
    0.0    1.0    0.0    9.7  0.0  0.0    0.0    0.2   0   0 c0t60060E8007DC48000030DC4800001400d0
    0.0    1.0    0.0    9.7  0.0  0.0    0.0    0.2   0   0 c0t60060E8007DC48000030DC48000013DEd0
    0.0    1.0    0.0    4.1  0.0  0.0    0.0    0.2   0   0 c0t60060E8007DC48000030DC48000013E8d0
    0.0   28.5    0.0  256.4  0.0  0.0    0.0    0.2   0   0 c0t60060E8007DC48000030DC48000013F0d0
1495332119
                    extended device statistics              
    r/s    w/s   kr/s   kw/s wait actv wsvc_t asvc_t  %w  %b device
1495332120
                    extended device statistics              
    r/s    w/s   kr/s   kw/s wait actv wsvc_t asvc_t  %w  %b device
    1.0   66.9    0.1  827.3  0.0  0.7    0.0   10.4   0  66 c0t5000CCA0546345D8d0
    1.0   66.9    0.1  827.3  0.0  0.7    0.0   10.5   0  68 c0t5000CCA054645EACd0
    2.0    0.0    0.2    0.0  0.0  0.0    0.0    0.0   0   0 c0t5000CCA054649E58d0
    1.0    0.0    0.1    0.0  0.0  0.0    0.0    0.0   0   0 c0t5000CCA054646F50d0
1495332121
                    extended device statistics              
    r/s    w/s   kr/s   kw/s wait actv wsvc_t asvc_t  %w  %b device
1495332122
                    extended device statistics              
    r/s    w/s   kr/s   kw/s wait actv wsvc_t asvc_t  %w  %b device
    0.0  216.0    0.0  994.5  0.0  0.0    0.0    0.2   0   4 c0t60060E8007DC48000030DC4800001086d0
    0.0   40.0    0.0  428.0  0.0  0.0    0.0    0.2   0   1 c0t60060E8007DC48000030DC48000004E9d0
    0.0  101.0    0.0  602.5  0.0  0.0    0.0    0.2   0   2 c0t60060E8007DC48000030DC48000004F7d0
    0.0  177.0    0.0  613.5  0.0  0.0    0.0    0.2   0   3 c0t60060E8007DC48000030DC48000013BEd0
    0.0   40.0    0.0 3141.6  0.0  0.0    0.0    0.3   0   1 c0t60060E8007DC48000030DC48000013E6d0
    0.0  218.0    0.0 1722.1  0.0  0.0    0.0    0.2   0   4 c0t60060E8007DC48000030DC48000013B8d0
    0.0   36.0    0.0  345.0  0.0  0.0    0.0    0.2   0   1 c0t60060E8007DC48000030DC48000013F1d0
    0.0   98.0    0.0  572.5  0.0  0.0    0.0    0.2   0   2 c0t60060E8007DC48000030DC48000013FEd0
    0.0  104.0    0.0  809.5  0.0  0.0    0.0    0.2   0   2 c0t60060E8007DC48000030DC4800001389d0
    0.0   74.0    0.0  625.0  0.0  0.0    0.0    0.2   0   1 c0t60060E8007DC48000030DC48000013F3d0
    0.0  101.0    0.0  575.5  0.0  0.0    0.0    0.2   0   2 c0t60060E8007DC48000030DC48000013ABd0
    0.0   87.0    0.0  603.5  0.0  0.0    0.0    0.2   0   2 c0t60060E8007DC48000030DC480000138Cd0
    0.0    1.0    0.0   16.0  0.0  0.0    0.0    0.2   0   0 c0t60060E8007DC48000030DC480000139Cd0
    0.0   89.0    0.0  737.0  0.0  0.0    0.0    0.2   0   2 c0t60060E8007DC48000030DC48000013D3d0
1495332123
                    extended device statistics              
    r/s    w/s   kr/s   kw/s wait actv wsvc_t asvc_t  %w  %b device
    0.0   16.3    0.0  341.4  0.0  0.0    0.0    0.2   0   0 c0t60060E8007DC48000030DC48000004E9d0
    0.0    2.0    0.0   32.5  0.0  0.0    0.0    0.2   0   0 c0t60060E8007DC48000030DC48000013A1d0
    0.0    4.1    0.0    4.1  0.0  0.0    0.0    0.2   0   0 c0t60060E8007DC48000030DC48000013DDd0
    0.0   22.4    0.0  438.0  0.0  0.0    0.0    0.2   0   0 c0t60060E8007DC48000030DC48000013ACd0
    0.0   19.3    0.0  373.9  0.0  0.0    0.0    0.2   0   0 c0t60060E8007DC48000030DC48000013F1d0
    0.0    4.1    0.0    4.1  0.0  0.0    0.0    0.2   0   0 c0t60060E8007DC48000030DC48000013DFd0
    0.0   24.4    0.0  438.0  0.0  0.0    0.0    0.2   0   0 c0t60060E8007DC48000030DC48000013CBd0
    0.0   22.4    0.0  325.2  0.0  0.0    0.0    0.2   0   0 c0t60060E8007DC48000030DC48000013F3d0
    0.0   27.4    0.0  503.0  0.0  0.0    0.0    0.2   0   1 c0t60060E8007DC48000030DC4800001392d0
    0.0    4.1    0.0   65.0  0.0  0.0    0.0    0.2   0   0 c0t60060E8007DC48000030DC4800001383d0
    0.0    3.0    0.0   48.8  0.0  0.0    0.0    0.2   0   0 c0t60060E8007DC48000030DC480000139Cd0
    0.0    4.1    0.0    4.1  0.0  0.0    0.0    0.2   0   0 c0t60060E8007DC48000030DC48000013DEd0
    0.0    4.1    0.0   65.0  0.0  0.0    0.0    0.2   0   0 c0t60060E8007DC48000030DC48000013D1d0
1495332124
                    extended device statistics              
    r/s    w/s   kr/s   kw/s wait actv wsvc_t asvc_t  %w  %b device
1495332125
                    extended device statistics              
    r/s    w/s   kr/s   kw/s wait actv wsvc_t asvc_t  %w  %b device
    0.0   81.1    0.0  738.8  0.0  0.4    0.0    5.3   0  38 c0t5000CCA0546345D8d0
    0.0   80.1    0.0  738.8  0.0  0.4    0.0    5.2   0  38 c0t5000CCA054645EACd0
1495332126
                    extended device statistics              
    r/s    w/s   kr/s   kw/s wait actv wsvc_t asvc_t  %w  %b device
1495332127
                    extended device statistics              
    r/s    w/s   kr/s   kw/s wait actv wsvc_t asvc_t  %w  %b device
    0.0    1.0    0.0   25.0  0.0  0.0    0.0    0.2   0   0 c0t60060E8007DC48000030DC48000013B5d0
    0.0    1.0    0.0   18.6  0.0  0.0    0.0    0.2   0   0 c0t60060E8007DC48000030DC48000013ACd0
    0.0  141.3    0.0  927.5  0.0  0.0    0.0    0.2   0   3 c0t60060E8007DC48000030DC48000013EBd0
    0.0  113.8    0.0  861.2  0.0  0.0    0.0    0.2   0   2 c0t60060E8007DC48000030DC48000013A8d0
    0.0   39.3    0.0  258.1  0.0  0.0    0.0    0.2   0   1 c0t60060E8007DC48000030DC48000013F8d0
    0.0    9.8    0.0  688.5  0.0  0.0    0.0    0.3   0   0 c0t60060E8007DC48000030DC4800001399d0
    0.0    2.9    0.0   34.3  0.0  0.0    0.0    0.2   0   0 c0t60060E8007DC48000030DC48000013CBd0
    0.0   67.7    0.0  515.2  0.0  0.0    0.0    0.2   0   1 c0t60060E8007DC48000030DC48000013FFd0
    0.0    2.0    0.0  132.0  0.0  0.0    0.0    0.3   0   0 c0t60060E8007DC48000030DC4800001406d0
    0.0    1.0    0.0   11.3  0.0  0.0    0.0    0.2   0   0 c0t60060E8007DC48000030DC4800001392d0
    0.0    4.9    0.0   19.1  0.0  0.0    0.0    0.2   0   0 c0t60060E8007DC48000030DC48000013CEd0
    0.0   35.3    0.0 2252.8  0.0  0.0    0.0    0.3   0   1 c0t60060E8007DC48000030DC480000138Ed0
    0.0  148.2    0.0  905.3  0.0  0.0    0.0    0.2   0   3 c0t60060E8007DC48000030DC480000139Ad0
    0.0    2.0    0.0  188.9  0.0  0.0    0.0    0.4   0   0 c0t60060E8007DC48000030DC48000013E3d0
