1495330003
     memory           page          executable      anonymous      filesystem 
   swap  free  re  mf  fr  de  sr  epi  epo  epf  api  apo  apf  fpi  fpo  fpf
 150127496 22258584 871 2691 4 0 0   0    0    0    0    0    0    0    4    4
1495330004
 141604248 14314336 661 1577 0 0 0   0    0    0    0    0    0    0    0    0
1495330005
 141604248 14315664 475 1572 0 0 0   0    0    0    0    0    0    0    0    0
1495330006
 141569640 14312448 1 1 0   0   0    0    0    0    0    0    0    0    0    0
1495330007
 141569640 14312456 1052 3524 0 0 0  0    0    0    0    0    0    0    0    0
1495330008
 141569640 14312448 767 3495 0 0 0   0    0    0    0    0    0    0    0    0
1495330009
 141569640 14185760 1779 8404 0 0 0  0    0    0    0    0    0    0    0    0
1495330010
 141425328 14064096 430 2024 0 0 0   0    0    0    0    0    0    0    0    0
1495330011
 141359024 13917896 144 1290 0 0 0   0    0    0    0    0    0    0    0    0
1495330012
 141273416 13900336 2766 14479 0 0 0 0    0    0    0    0    0    0    0    0
1495330013
     memory           page          executable      anonymous      filesystem 
   swap  free  re  mf  fr  de  sr  epi  epo  epf  api  apo  apf  fpi  fpo  fpf
 141206960 13878416 1831 6113 0 0 0  0    0    0    0    0    0    0    0    0
1495330014
 141415408 13937288 511 1492 0 0 0   0    0    0    0    0    0    0    0    0
1495330015
 141346008 13843728 339 1451 0 0 0   0    0    0    0    0    0    0    0    0
1495330016
 141607256 14133160 2 149 0 0   0    0    0    0    0    0    0    0    0    0
1495330017
 142106472 14833616 818 3415 0 0 0   0    0    0    0    0    0    0    0    0
1495330018
 142829184 15587488 50 265 0 0  0    0    0    0    0    0    0    0    0    0
1495330019
 143101264 15866632 1238 3818 0 0 0  0    0    0    0    0    0    0    0    0
1495330020
 143713696 16362632 1680 4492 0 0 0  0    0    0    0    0    0    0    0    0
1495330021
 143713696 15887360 700 2593 0 0 0   0    0    0    0    0    0    0    0    0
1495330022
 143632584 16345080 712 2712 0 0 0   0    0    0    0    0    0    0    0    0
1495330023
     memory           page          executable      anonymous      filesystem 
   swap  free  re  mf  fr  de  sr  epi  epo  epf  api  apo  apf  fpi  fpo  fpf
 143548464 16246656 1349 5689 0 0 0  0    0    0    0    0    0    0    0    0
1495330024
 143326368 15688784 1698 4424 0 0 0  0    0    0    0    0    0    0    0    0
1495330025
 143239752 15979776 1452 8193 0 0 0  0    0    0    0    0    0    0    0    0
1495330026
 143304616 15998200 1502 4262 0 0 0  0    0    0    0    0    0    0    0    0
1495330027
 143304616 15998416 290 947 0 0 0    0    0    0    0    0    0    0    0    0
1495330028
 143304616 15997888 536 2036 0 0 0   0    0    0    0    0    0    0    0    0
1495330029
 143304616 15970400 481 1438 0 0 0   0    0    0    0    0    0    0    0    0
1495330030
 143294080 15995520 400 1628 0 0 0   0    0    0    0    0    0    0    0    0
1495330031
 143294080 15996160 1129 5226 0 0 0  0    0    0    0    0    0    0    0    0
1495330032
 143268448 16000616 174 512 0 0 0    0    0    0    0    0    0    0    0    0
1495330033
     memory           page          executable      anonymous      filesystem 
   swap  free  re  mf  fr  de  sr  epi  epo  epf  api  apo  apf  fpi  fpo  fpf
 143556568 16342136 858 3516 0 0 0   0    0    0    0    0    0    0    0    0
1495330034
 143960992 16723720 437 898 0 0 0    0    0    0    0    0    0    0    0    0
1495330035
 144301376 17049976 205 708 0 0 0    0    0    0    0    0    0    0    0    0
1495330036
 144640280 17425064 368 1260 0 0 0   0    0    0    0    0    0    0    0    0
1495330037
 144980088 17751000 322 932 0 0 0    0    0    0    0    0    0    0    0    0
1495330038
 145183112 17996608 406 1516 0 0 0   0    0    0    0    0    0    0    0    0
1495330039
 145251272 18000464 536 1435 0 0 0   0    0    0    0    0    0    0    0    0
1495330040
 145251272 18000336 24 156 0 0  0    0    0    0    0    0    0    0    0    0
1495330041
 145272048 18039520 572 2134 0 0 0   0    0    0    0    0    0    0    0    0
1495330042
 145340536 18127440 574 1794 0 0 0   0    0    0    0    0    0    0    0    0
1495330043
     memory           page          executable      anonymous      filesystem 
   swap  free  re  mf  fr  de  sr  epi  epo  epf  api  apo  apf  fpi  fpo  fpf
 145340536 18135600 368 1246 0 0 0   0    0    0    0    0    0    0    0    0
1495330044
 145340536 18135696 736 1984 0 0 0   0    0    0    0    0    0    0    0    0
1495330045
 145330696 18112632 792 2101 0 0 0   0    0    0    0    0    0    0    0    0
1495330046
 145326088 18132016 158 488 0 0 0    0    0    0    0    0    0    0    0    0
1495330047
 145371416 18134704 517 1766 0 0 0   0    0    0    0    0    0    0    0    0
