1495330012
 kthr      memory            page            disk          faults      cpu
 r b w   swap  free  re  mf pi po fr de sr s3 s4 s5 s6   in   sy   cs us sy id
 0 0 0 150127488 22258576 871 2691 0 4 4 0 0 18 18 0 0 401730 271319 291529 4 2 94
1495330013
 0 0 0 141206960 13878416 1760 5752 0 0 0 0 0 0 0 0  0 590713 236762 300973 3 5 92
1495330014
 0 0 0 141415408 13937288 134 592 0 0 0 0 0 0  0  0  0 583009 232551 290685 3 5 93
1495330015
 1 0 0 141346008 13843728 334 1385 0 0 0 0 0 0 0  0  0 588881 229064 287327 3 6 91
1495330016
 1 0 0 141607256 14133160 3 198 0 0 0 0  0  0  0  0  0 577148 203207 286995 3 4 93
1495330017
 0 0 0 142106472 14833616 848 3458 0 0 0 0 0 70 70 0 0 569679 216405 260385 2 3 95
1495330018
 1 0 0 142829184 15587488 271 916 0 0 0 0 0 1  1  0  0 572894 207134 260981 2 3 95
1495330019
 0 0 0 143101264 15866632 1780 4635 0 0 0 0 0 0 0 0  0 571746 221137 265595 2 3 95
1495330020
 3 0 0 143713696 16362632 970 3208 0 0 0 0 0 0 0  0  0 584013 224207 290631 2 5 93
1495330021
 0 0 0 143713696 15887360 692 2637 0 0 0 0 0 0 0  0  0 580641 217985 275855 3 4 93
1495330022
 kthr      memory            page            disk          faults      cpu
 r b w   swap  free  re  mf pi po fr de sr s3 s4 s5 s6   in   sy   cs us sy id
 0 0 0 143632584 16345080 662 2475 0 0 0 0 0 100 100 0 0 564333 239262 238018 2 3 95
1495330023
 1 0 0 143548464 16246656 1863 6787 0 0 0 0 0 19 19 0 0 570032 238487 259768 3 4 93
1495330024
 0 0 0 143326368 15688784 1717 6867 0 0 0 0 0 0 0 0  0 570791 235127 255595 2 3 94
1495330025
 1 0 0 143239752 15979776 871 4573 0 0 0 0 0 0 0  0  0 567452 236643 241910 3 4 94
1495330026
 0 0 0 143304616 15998200 1608 4641 0 0 0 0 0 0 0 0  0 553424 213818 224209 2 2 97
1495330027
 0 0 0 143304616 15998416 215 631 0 0 0 0 0 80 78 0  0 557176 205427 228263 2 2 97
1495330028
 0 0 0 143304616 15997888 513 2232 0 0 0 0 0 0 0  0  0 553956 219833 225751 2 2 96
1495330029
 0 0 0 143304616 15970400 760 2314 0 0 0 0 0 0 0  0  0 558514 218648 230166 2 2 96
1495330030
 1 0 0 143294080 15995520 95 431 0 0 0 0 0  0  0  0  0 565261 208991 237868 3 3 94
1495330031
 0 0 0 143294080 15996160 1135 5253 0 0 0 0 0 0 0 0  0 565262 216731 238699 3 2 96
1495330032
 kthr      memory            page            disk          faults      cpu
 r b w   swap  free  re  mf pi po fr de sr s3 s4 s5 s6   in   sy   cs us sy id
 0 0 0 143268448 16000616 216 624 0 0 0 0 0 94 94 0  0 554453 211213 222605 3 2 95
1495330033
 0 0 0 143556568 16342136 816 3405 0 0 0 0 0 24 25 0 0 556080 216540 226145 2 2 96
1495330034
 1 0 0 143960992 16723720 639 1601 0 0 0 0 0 0 0  0  0 554598 219400 226053 2 2 95
1495330035
 0 0 0 144301376 17049976 0 2 0 0  0  0  0  0  0  0  0 559807 204876 232250 2 3 95
1495330036
 0 0 0 144640280 17425064 403 1335 0 0 0 0 0 0 0  0  0 552397 214856 222633 3 2 95
1495330037
 0 0 0 144980088 17751000 407 1286 0 0 0 0 0 101 102 0 0 555666 207877 227115 3 2 95
1495330038
 0 0 0 145183112 17996608 285 1084 0 0 0 0 0 12 13 0 0 552343 210245 222717 3 2 95
1495330039
 0 0 0 145251272 18000464 535 1434 0 0 0 0 0 0 0  0  0 550481 217047 220385 3 2 95
1495330040
 0 0 0 145251272 18000336 168 459 0 0 0 0 0 0  0  0  0 565118 208480 240770 2 3 95
1495330041
 0 0 0 145272048 18039520 432 1838 0 0 0 0 0 0 0  0  0 563756 204934 244232 2 2 95
1495330042
 kthr      memory            page            disk          faults      cpu
 r b w   swap  free  re  mf pi po fr de sr s3 s4 s5 s6   in   sy   cs us sy id
 0 0 0 145340536 18127440 711 2311 0 0 0 0 0 60 60 0 0 556875 229003 230155 2 2 96
1495330043
 1 0 0 145340536 18135600 229 724 0 0 0 0 0 0  0  0  0 551179 336491 220734 3 2 96
1495330044
 0 0 0 145340536 18135696 772 2212 0 0 0 0 0 0 0  0  0 557538 356873 230733 3 2 95
1495330045
 1 0 0 145330696 18112632 908 2340 0 0 0 0 0 0 0  0  0 561304 348567 233658 3 4 93
1495330046
 0 0 0 145326088 18132016 1 2 0 0  0  0  0  0  0  0  0 550154 247137 221405 2 2 96
1495330047
 3 0 0 145371416 18134704 554 1852 0 0 0 0 0 67 67 0 0 557242 213000 232467 2 2 96
1495330048
 0 0 0 145371416 18143832 718 1251 0 0 0 0 0 1 1  0  0 550664 204113 221827 2 2 96
1495330049
 0 0 0 145520496 18265864 496 1796 0 0 0 0 0 0 0  0  0 551348 220806 223254 2 2 96
1495330050
 0 0 0 145516624 18266416 379 1223 0 0 0 0 0 0 0  0  0 566396 208117 242099 2 4 94
1495330051
 2 0 0 145516624 18266944 21 289 0 0 0 0 0  0  0  0  0 551364 207321 222681 1 1 97
1495330052
 kthr      memory            page            disk          faults      cpu
 r b w   swap  free  re  mf pi po fr de sr s3 s4 s5 s6   in   sy   cs us sy id
 0 0 0 145520176 18267840 577 1832 0 0 0 0 0 60 60 0 0 551824 214080 222175 3 2 95
1495330053
 0 0 0 145520176 18268816 490 1843 0 0 0 0 0 0 0  0  0 552668 215318 225447 3 2 96
1495330054
 1 0 0 145537904 18267440 274 355 0 0 0 0 0 0  0  0  0 551500 210235 221633 3 2 96
1495330055
 0 0 0 145543064 18267528 341 1230 0 0 0 0 0 0 0  0  0 560967 214908 233325 3 3 94
1495330056
 0 0 0 145543064 18267592 2043 6197 0 0 0 0 0 0 0 0  0 556002 214440 229709 2 2 96
