Sat May 20 21:26:30 EDT 2017
     memory           page          executable      anonymous      filesystem 
   swap  free  re  mf  fr  de  sr  epi  epo  epf  api  apo  apf  fpi  fpo  fpf
 150127512 22258592 871 2691 4 0 0   0    0    0    0    0    0    0    4    4
Sat May 20 21:26:31 EDT 2017
 141613824 14326720 394 1336 0 0 0   0    0    0    0    0    0    0    0    0
Sat May 20 21:26:32 EDT 2017
 141613824 14325136 553 1889 0 0 0   0    0    0    0    0    0    0    0    0
Sat May 20 21:26:33 EDT 2017
 141622240 14326016 595 1863 0 0 0   0    0    0    0    0    0    0    0    0
Sat May 20 21:26:34 EDT 2017
 141622240 14325656 385 1324 0 0 0   0    0    0    0    0    0    0    0    0
Sat May 20 21:26:35 EDT 2017
 141622240 14324864 1585 4654 0 0 0  0    0    0    0    0    0    0    0    0
Sat May 20 21:26:36 EDT 2017
 141622240 14291048 624 1421 0 0 0   0    0    0    0    0    0    0    0    0
Sat May 20 21:26:37 EDT 2017
 141611152 14320128 697 2229 0 0 0   0    0    0    0    0    0    0    0    0
Sat May 20 21:26:38 EDT 2017
 141611152 14321024 211 407 0 0 0    0    0    0    0    0    0    0    0    0
Sat May 20 21:26:39 EDT 2017
 141611152 14320728 310 1024 0 0 0   0    0    0    0    0    0    0    0    0
Sat May 20 21:26:40 EDT 2017
     memory           page          executable      anonymous      filesystem 
   swap  free  re  mf  fr  de  sr  epi  epo  epf  api  apo  apf  fpi  fpo  fpf
 141611152 14319880 344 1230 0 0 0   0    0    0    0    0    0    0    0    0
Sat May 20 21:26:41 EDT 2017
 141604248 14323000 311 1312 0 0 0   0    0    0    0    0    0    0    0    0
Sat May 20 21:26:42 EDT 2017
 141604248 14322744 567 1833 0 0 0   0    0    0    0    0    0    0    0    0
Sat May 20 21:26:43 EDT 2017
 141604248 14314336 692 1820 0 0 0   0    0    0    0    0    0    0    0    0
Sat May 20 21:26:44 EDT 2017
 141604248 14315664 0 30 0  0   0    0    0    0    0    0    0    0    0    0
Sat May 20 21:26:45 EDT 2017
 141569640 14312448 470 1555 0 0 0   0    0    0    0    0    0    0    0    0
Sat May 20 21:26:46 EDT 2017
 141569640 14312456 141 564 0 0 0    0    0    0    0    0    0    0    0    0
Sat May 20 21:26:47 EDT 2017
 141569640 14312448 966 3154 0 0 0   0    0    0    0    0    0    0    0    0
Sat May 20 21:26:48 EDT 2017
 141569640 14185760 1748 8325 0 0 0  0    0    0    0    0    0    0    0    0
Sat May 20 21:26:49 EDT 2017
 141425328 14064096 829 4096 0 0 0   0    0    0    0    0    0    0    0    0
Sat May 20 21:26:50 EDT 2017
     memory           page          executable      anonymous      filesystem 
   swap  free  re  mf  fr  de  sr  epi  epo  epf  api  apo  apf  fpi  fpo  fpf
 141359024 13917896 360 1574 0 0 0   0    0    0    0    0    0    0    0    0
Sat May 20 21:26:51 EDT 2017
 141273416 13900336 2024 10637 0 0 0 0    0    0    0    0    0    0    0    0
Sat May 20 21:26:52 EDT 2017
 141206960 13878416 2288 9292 0 0 0  0    0    0    0    0    0    0    0    0
Sat May 20 21:26:53 EDT 2017
 141415408 13937288 911 3143 0 0 0   0    0    0    0    0    0    0    0    0
Sat May 20 21:26:54 EDT 2017
 141346008 13843728 68 452 0 0  0    0    0    0    0    0    0    0    0    0
Sat May 20 21:26:55 EDT 2017
 141607256 14133160 334 1387 0 0 0   0    0    0    0    0    0    0    0    0
Sat May 20 21:26:56 EDT 2017
 142106472 14833616 488 1915 0 0 0   0    0    0    0    0    0    0    0    0
Sat May 20 21:26:57 EDT 2017
 142829184 15587488 377 1768 0 0 0   0    0    0    0    0    0    0    0    0
Sat May 20 21:26:58 EDT 2017
 143101264 15866632 694 2093 0 0 0   0    0    0    0    0    0    0    0    0
Sat May 20 21:26:59 EDT 2017
 143713696 16362632 1657 4311 0 0 0  0    0    0    0    0    0    0    0    0
Sat May 20 21:27:00 EDT 2017
     memory           page          executable      anonymous      filesystem 
   swap  free  re  mf  fr  de  sr  epi  epo  epf  api  apo  apf  fpi  fpo  fpf
 143713696 15887360 887 3149 0 0 0   0    0    0    0    0    0    0    0    0
Sat May 20 21:27:01 EDT 2017
 143632584 16345080 967 3669 0 0 0   0    0    0    0    0    0    0    0    0
Sat May 20 21:27:02 EDT 2017
 143548464 16246656 217 755 0 0 0    0    0    0    0    0    0    0    0    0
Sat May 20 21:27:03 EDT 2017
 143326368 15688784 2084 7721 0 0 0  0    0    0    0    0    0    0    0    0
Sat May 20 21:27:04 EDT 2017
 143239752 15979776 1958 8543 0 0 0  0    0    0    0    0    0    0    0    0
Sat May 20 21:27:05 EDT 2017
 143304616 15998200 1384 4610 0 0 0  0    0    0    0    0    0    0    0    0
Sat May 20 21:27:06 EDT 2017
 143304616 15998416 596 1890 0 0 0   0    0    0    0    0    0    0    0    0
Sat May 20 21:27:07 EDT 2017
 143304616 15997888 216 631 0 0 0    0    0    0    0    0    0    0    0    0
Sat May 20 21:27:08 EDT 2017
 143304616 15970400 837 2833 0 0 0   0    0    0    0    0    0    0    0    0
Sat May 20 21:27:09 EDT 2017
 143294080 15995520 524 2122 0 0 0   0    0    0    0    0    0    0    0    0
Sat May 20 21:27:10 EDT 2017
     memory           page          executable      anonymous      filesystem 
   swap  free  re  mf  fr  de  sr  epi  epo  epf  api  apo  apf  fpi  fpo  fpf
 143294080 15996160 803 4089 0 0 0   0    0    0    0    0    0    0    0    0
Sat May 20 21:27:11 EDT 2017
 143268448 16000616 341 1213 0 0 0   0    0    0    0    0    0    0    0    0
Sat May 20 21:27:12 EDT 2017
 143556568 16342136 760 2486 0 0 0   0    0    0    0    0    0    0    0    0
Sat May 20 21:27:13 EDT 2017
 143960992 16723720 533 1846 0 0 0   0    0    0    0    0    0    0    0    0
Sat May 20 21:27:14 EDT 2017
 144301376 17049976 388 1338 0 0 0   0    0    0    0    0    0    0    0    0
