Sat May 20 21:27:00 EDT 2017
 kthr      memory            page            disk          faults      cpu
 r b w   swap  free  re  mf pi po fr de sr s3 s4 s5 s6   in   sy   cs us sy id
 0 0 0 150127480 22258568 871 2691 0 4 4 0 0 18 18 0 0 401730 271319 291529 4 2 94
Sat May 20 21:27:01 EDT 2017
 0 0 0 143713696 15887360 756 2824 0 0 0 0 0 0 0  0  0 578417 217224 269759 3 4 93
Sat May 20 21:27:02 EDT 2017
 0 0 0 143632584 16345080 528 1952 0 0 0 0 0 117 118 0 0 563777 239892 236398 2 3 95
Sat May 20 21:27:03 EDT 2017
 1 0 0 143548464 16246656 2056 7267 0 0 0 0 0 1 0 0  0 574209 249886 269133 3 4 93
Sat May 20 21:27:04 EDT 2017
 0 0 0 143326368 15688784 1601 6923 0 0 0 0 0 0 0 0  0 568629 226766 249579 2 3 95
Sat May 20 21:27:05 EDT 2017
 1 0 0 143239752 15979776 1030 4641 0 0 0 0 0 0 0 0  0 564619 230967 237387 3 3 94
Sat May 20 21:27:06 EDT 2017
 0 0 0 143304616 15998200 1364 3986 0 0 0 0 0 0 0 0  0 553514 212985 224471 2 2 97
Sat May 20 21:27:07 EDT 2017
 0 0 0 143304616 15998416 217 637 0 0 0 0 0 80 78 0  0 557160 202626 228496 2 2 97
Sat May 20 21:27:08 EDT 2017
 0 0 0 143304616 15997888 564 2324 0 0 0 0 0 0 0  0  0 554322 227316 225630 3 2 96
Sat May 20 21:27:09 EDT 2017
 0 0 0 143304616 15970400 800 2632 0 0 0 0 0 0 0  0  0 559750 214470 231733 2 2 96
Sat May 20 21:27:10 EDT 2017
 kthr      memory            page            disk          faults      cpu
 r b w   swap  free  re  mf pi po fr de sr s3 s4 s5 s6   in   sy   cs us sy id
 1 0 0 143294080 15995520 340 1338 0 0 0 0 0 0 0  0  0 564529 207982 236929 3 3 94
Sat May 20 21:27:11 EDT 2017
 0 0 0 143294080 15996160 791 3888 0 0 0 0 0 0 0  0  0 565469 217370 238591 3 2 95
Sat May 20 21:27:12 EDT 2017
 0 0 0 143268448 16000616 380 1131 0 0 0 0 0 112 113 0 0 553536 211099 222201 3 2 95
Sat May 20 21:27:13 EDT 2017
 0 0 0 143556568 16342136 655 2900 0 0 0 0 0 7 7  0  0 556294 217036 226673 2 2 96
Sat May 20 21:27:14 EDT 2017
 1 0 0 143960992 16723720 638 1599 0 0 0 0 0 0 0  0  0 554993 218929 226130 3 2 95
Sat May 20 21:27:15 EDT 2017
 0 0 0 144301376 17049976 1 4 0 0  0  0  0  0  0  0  0 559224 204110 232264 2 3 95
Sat May 20 21:27:16 EDT 2017
 0 0 0 144640280 17425064 400 1328 0 0 0 0 0 0 0  0  0 552096 215370 221111 3 2 95
Sat May 20 21:27:17 EDT 2017
 0 0 0 144980088 17751000 670 2171 0 0 0 0 0 112 114 0 0 556801 210871 229471 3 2 95
Sat May 20 21:27:18 EDT 2017
 0 0 0 145183112 17996608 22 199 0 0 0 0 0  0  0  0  0 550774 207225 220226 3 2 95
Sat May 20 21:27:19 EDT 2017
 0 0 0 145251272 18000464 536 1436 0 0 0 0 0 0 0  0  0 552411 218205 222958 3 2 95
Sat May 20 21:27:20 EDT 2017
 kthr      memory            page            disk          faults      cpu
 r b w   swap  free  re  mf pi po fr de sr s3 s4 s5 s6   in   sy   cs us sy id
 0 0 0 145251272 18000336 167 459 0 0 0 0 0 0  0  0  0 566614 208580 244126 2 3 95
Sat May 20 21:27:21 EDT 2017
 0 0 0 145272048 18039520 432 1838 0 0 0 0 0 0 0  0  0 562496 204842 242109 2 2 96
Sat May 20 21:27:22 EDT 2017
 0 0 0 145340536 18127440 874 2768 0 0 0 0 0 60 60 0 0 555383 242624 227255 2 2 96
Sat May 20 21:27:23 EDT 2017
 1 0 0 145340536 18135600 63 255 0 0 0 0 0  0  0  0  0 552957 337671 224027 3 2 96
Sat May 20 21:27:24 EDT 2017
 0 0 0 145340536 18135696 798 2555 0 0 0 0 0 0 0  0  0 556919 359274 228437 3 2 95
Sat May 20 21:27:25 EDT 2017
 1 0 0 145330696 18112632 877 1982 0 0 0 0 0 0 0  0  0 560072 344695 233079 3 3 94
Sat May 20 21:27:26 EDT 2017
 0 0 0 145326088 18132016 0 2 0 0  0  0  0  0  0  0  0 550044 229309 220963 2 2 96
Sat May 20 21:27:27 EDT 2017
 3 0 0 145371416 18134704 871 2018 0 0 0 0 0 67 67 0 0 557133 218070 232392 2 2 96
Sat May 20 21:27:28 EDT 2017
 0 0 0 145371416 18143832 546 1910 0 0 0 0 0 1 1  0  0 551199 204366 222008 2 2 96
Sat May 20 21:27:29 EDT 2017
 0 0 0 145520496 18265864 349 982 0 0 0 0 0 0  0  0  0 551860 217649 224315 2 2 96
Sat May 20 21:27:30 EDT 2017
 kthr      memory            page            disk          faults      cpu
 r b w   swap  free  re  mf pi po fr de sr s3 s4 s5 s6   in   sy   cs us sy id
 0 0 0 145516624 18266416 374 1210 0 0 0 0 0 0 0  0  0 565100 209912 240476 2 3 95
Sat May 20 21:27:31 EDT 2017
 2 0 0 145516624 18266944 170 759 0 0 0 0 0 0  0  0  0 551229 206058 222537 2 1 97
Sat May 20 21:27:32 EDT 2017
 0 0 0 145520176 18267840 430 1367 0 0 0 0 0 60 60 0 0 551752 215267 222007 3 2 95
Sat May 20 21:27:33 EDT 2017
 0 0 0 145520176 18268816 491 1845 0 0 0 0 0 0 0  0  0 552951 213930 225569 2 2 96
Sat May 20 21:27:34 EDT 2017
 1 0 0 145537904 18267440 274 355 0 0 0 0 0 0  0  0  0 552548 207198 223171 3 2 95
Sat May 20 21:27:35 EDT 2017
 0 0 0 145543064 18267528 342 1229 0 0 0 0 0 0 0  0  0 559704 219390 231605 3 3 95
Sat May 20 21:27:36 EDT 2017
 0 0 0 145543064 18267592 2711 8505 0 0 0 0 0 0 0 0  0 557139 215710 231058 2 2 96
Sat May 20 21:27:37 EDT 2017
 0 0 0 145423344 18278728 3453 10572 0 0 0 0 0 112 112 0 0 554326 218847 224722 2 2 96
Sat May 20 21:27:38 EDT 2017
 1 0 0 145559352 18278336 4217 12041 0 0 0 0 0 0 0 0 0 553156 220398 225306 2 2 96
Sat May 20 21:27:39 EDT 2017
 0 0 0 145559352 18278072 3098 9207 0 0 0 0 0 0 0 0  0 564214 225905 239077 2 2 95
Sat May 20 21:27:40 EDT 2017
 kthr      memory            page            disk          faults      cpu
 r b w   swap  free  re  mf pi po fr de sr s3 s4 s5 s6   in   sy   cs us sy id
 0 0 0 145559352 18276712 3073 9288 0 0 0 0 0 0 0 0  0 570640 232582 243838 2 3 95
Sat May 20 21:27:41 EDT 2017
 0 0 0 145551792 18266160 858 2615 0 0 0 0 0 0 0  0  0 558768 223796 229800 3 2 96
Sat May 20 21:27:42 EDT 2017
 0 0 0 145551792 18271088 216 630 0 0 0 0 0 66 66 0  0 563285 213706 236239 2 2 96
Sat May 20 21:27:43 EDT 2017
 0 0 0 145551792 18271488 354 1324 0 0 0 0 0 1 1  0  0 561030 210160 232577 3 2 95
Sat May 20 21:27:44 EDT 2017
 0 0 0 145551792 18271536 753 2142 0 0 0 0 0 0 0  0  0 557555 214169 229754 2 2 97
